This is LuaHBTeX, Version 1.13.0 (TeX Live 2021/W32TeX)  (format=lualatex 2021.9.1)  3 MAR 2022 15:41
 system commands enabled.
**main.tex
(./main.tex
LaTeX2e <2020-10-01> patch level 4
Lua module: luaotfload 2021-01-08 3.17 Lua based OpenType font support
Lua module: lualibs 2020-12-30 2.73 ConTeXt Lua standard libraries.
Lua module: lualibs-extended 2020-12-30 2.73 ConTeXt Lua libraries -- extended c
ollection.
luaotfload | conf : Root cache directory is "D:/texlive/2021/texmf-var/luatex-ca
che/generic/names".
luaotfload | init : Loading fontloader "fontloader-2021-01-07.lua" from kpse-res
olved path "d:/texlive/2021/texmf-dist/tex/luatex/luaotfload/fontloader-2021-01-
07.lua".
Lua-only attribute luaotfload@noligature = 1
Lua-only attribute luaotfload@syllabe = 2
luaotfload | init : Context OpenType loader version 0x1.8e76c8b439581p+1
Inserting `luaotfload.node_processor' at position 1 in `pre_linebreak_filter'.
Inserting `luaotfload.node_processor' at position 1 in `hpack_filter'.
Inserting `luaotfload.glyph_stream' at position 1 in `glyph_stream_provider'.
Inserting `luaotfload.define_font' at position 1 in `define_font'.
Lua-only attribute luaotfload_color_attribute = 3
luaotfload | conf : Root cache directory is "D:/texlive/2021/texmf-var/luatex-ca
che/generic/names".
Inserting `luaotfload.harf.strip_prefix' at position 1 in `find_opentype_file'.
Inserting `luaotfload.harf.strip_prefix' at position 1 in `find_truetype_file'.
Inserting `luaotfload.harf.finalize_vlist' at position 1 in `post_linebreak_filt
er'.
Inserting `luaotfload.harf.finalize_hlist' at position 2 in `hpack_filter'.
Inserting `luaotfload.cleanup_files' at position 1 in `wrapup_run'.
Inserting `luaotfload.harf.finalize_unicode' at position 1 in `finish_pdffile'.
Inserting `luaotfload.glyphinfo' at position 1 in `glyph_info'.
Inserting `luaotfload.aux.set_sscale_dimens' at position 1 in `luaotfload.patch_
font'.
Inserting `luaotfload.aux.set_font_index' at position 2 in `luaotfload.patch_fon
t'.
Inserting `luaotfload.aux.patch_cambria_domh' at position 3 in `luaotfload.patch
_font'.
Inserting `luaotfload.aux.fixup_fontdata' at position 1 in `luaotfload.patch_fon
t_unsafe'.
Inserting `luaotfload.aux.set_capheight' at position 4 in `luaotfload.patch_font
'.
Inserting `luaotfload.aux.set_xheight' at position 5 in `luaotfload.patch_font'.
Inserting `luaotfload.rewrite_fontname' at position 6 in `luaotfload.patch_font'
. L3 programming layer <2021-02-18>
(d:/texlive/2021/texmf-dist/tex/latex/base/article.cls
Document Class: article 2020/04/10 v1.4m Standard LaTeX document class
(d:/texlive/2021/texmf-dist/tex/latex/base/size10.clo
File: size10.clo 2020/04/10 v1.4m Standard LaTeX file (size option)
luaotfload | db : Font names database loaded from D:/texlive/2021/texmf-var/luat
ex-cache/generic/names/luaotfload-names.luc)
\c@part=\count175
\c@section=\count176
\c@subsection=\count177
\c@subsubsection=\count178
\c@paragraph=\count179
\c@subparagraph=\count180
\c@figure=\count181
\c@table=\count182
\abovecaptionskip=\skip47
\belowcaptionskip=\skip48
\bibindent=\dimen138
)
(d:/texlive/2021/texmf-dist/tex/latex/geometry/geometry.sty
Package: geometry 2020/01/02 v5.9 Page Geometry

(d:/texlive/2021/texmf-dist/tex/latex/graphics/keyval.sty
Package: keyval 2014/10/28 v1.15 key=value parser (DPC)
\KV@toks@=\toks15
)
(d:/texlive/2021/texmf-dist/tex/generic/iftex/ifvtex.sty
Package: ifvtex 2019/10/25 v1.7 ifvtex legacy package. Use iftex instead.

(d:/texlive/2021/texmf-dist/tex/generic/iftex/iftex.sty
Package: iftex 2020/03/06 v1.0d TeX engine tests
))
\Gm@cnth=\count183
\Gm@cntv=\count184
\c@Gm@tempcnt=\count185
\Gm@bindingoffset=\dimen139
\Gm@wd@mp=\dimen140
\Gm@odd@mp=\dimen141
\Gm@even@mp=\dimen142
\Gm@layoutwidth=\dimen143
\Gm@layoutheight=\dimen144
\Gm@layouthoffset=\dimen145
\Gm@layoutvoffset=\dimen146
\Gm@dimlist=\toks16
)
(d:/texlive/2021/texmf-dist/tex/generic/babel/babel.sty
Package: babel 2021/03/24 3.56 The Babel package

(d:/texlive/2021/texmf-dist/tex/generic/babel/babel.def
File: babel.def 2021/03/24 3.56 Babel common definitions

(d:/texlive/2021/texmf-dist/tex/generic/babel/luababel.def
\bbl@readstream=\read2
\l@dumylang=\language2
Package babel Info: Non-standard hyphenation setup on input line 117.
\l@nohyphenation=\language3
\l@german-x-2021-02-26=\language4
\l@ngerman-x-2021-02-26=\language5
\l@afrikaans=\language6
\l@ancientgreek=\language7
\l@ibycus=\language8
\l@arabic=\language9
\l@armenian=\language10
\l@basque=\language11
\l@belarusian=\language12
\l@bulgarian=\language13
\l@catalan=\language14
\l@pinyin=\language15
\l@churchslavonic=\language16
\l@coptic=\language17
\l@croatian=\language18
\l@czech=\language19
\l@danish=\language20
\l@dutch=\language21
\l@ukenglish=\language22
\l@usenglishmax=\language23
\l@esperanto=\language24
\l@estonian=\language25
\l@ethiopic=\language26
\l@farsi=\language27
\l@finnish=\language28
\l@schoolfinnish=\language29
\l@french=\language30
\l@friulan=\language31
\l@galician=\language32
\l@georgian=\language33
\l@german=\language34
\l@ngerman=\language35
\l@swissgerman=\language36
\l@greek=\language37
\l@monogreek=\language38
\l@hungarian=\language39
\l@icelandic=\language40
\l@assamese=\language41
\l@bengali=\language42
\l@gujarati=\language43
\l@hindi=\language44
\l@kannada=\language45
\l@malayalam=\language46
\l@marathi=\language47
\l@oriya=\language48
\l@pali=\language49
\l@panjabi=\language50
\l@tamil=\language51
\l@telugu=\language52
\l@indonesian=\language53
\l@interlingua=\language54
\l@irish=\language55
\l@italian=\language56
\l@kurmanji=\language57
\l@classiclatin=\language58
\l@latin=\language59
\l@liturgicallatin=\language60
\l@latvian=\language61
\l@lithuanian=\language62
\l@macedonian=\language63
\l@mongolian=\language64
\l@mongolianlmc=\language65
\l@bokmal=\language66
\l@nynorsk=\language67
\l@occitan=\language68
\l@piedmontese=\language69
\l@polish=\language70
\l@portuguese=\language71
\l@romanian=\language72
\l@romansh=\language73
\l@russian=\language74
\l@sanskrit=\language75
\l@serbian=\language76
\l@serbianc=\language77
\l@slovak=\language78
\l@slovenian=\language79
\l@spanish=\language80
\l@swedish=\language81
\l@thai=\language82
\l@turkish=\language83
\l@turkmen=\language84
\l@ukrainian=\language85
\l@uppersorbian=\language86
\l@welsh=\language87
\babelcatcodetablenum=\catcodetable12
\bbl@pattcodes=\catcodetable13
)
\babel@savecnt=\count186
\U@D=\dimen147
\l@babelnohyphens=\language88

(d:/texlive/2021/texmf-dist/tex/generic/babel/luababel.def
\bbl@attr@locale=\attribute4
))
(d:/texlive/2021/texmf-dist/tex/generic/babel-english/english.ldf
Language: english 2017/06/06 v3.3r English support from the babel system
Package babel Info: \l@canadian = using hyphenrules for english
(babel)             (\language0) on input line 102.
Package babel Info: \l@australian = using hyphenrules for ukenglish
(babel)             (\language22) on input line 105.
Package babel Info: \l@newzealand = using hyphenrules for ukenglish
(babel)             (\language22) on input line 108.
))
(d:/texlive/2021/texmf-dist/tex/latex/ctex/ctex.sty
(d:/texlive/2021/texmf-dist/tex/latex/l3kernel/expl3.sty
Package: expl3 2021-02-18 L3 programming layer (loader) 

(d:/texlive/2021/texmf-dist/tex/latex/l3backend/l3backend-luatex.def
File: l3backend-luatex.def 2021-03-18 L3 backend support: PDF output (LuaTeX)
\l__color_backend_stack_int=\count187
\l__pdf_internal_box=\box47
))
Package: ctex 2021/03/14 v2.5.6 Chinese adapter in LaTeX (CTEX)

(d:/texlive/2021/texmf-dist/tex/latex/l3packages/xparse/xparse.sty
(d:/texlive/2021/texmf-dist/tex/latex/l3packages/xparse/xparse-2020-10-01.sty
(d:/texlive/2021/texmf-dist/tex/latex/l3packages/xparse/xparse-generic.tex)))
(d:/texlive/2021/texmf-dist/tex/latex/l3packages/l3keys2e/l3keys2e.sty
Package: l3keys2e 2021-03-12 LaTeX2e option processing using LaTeX3 keys
)
(d:/texlive/2021/texmf-dist/tex/latex/ctex/ctexhook.sty
Package: ctexhook 2021/03/14 v2.5.6 Document and package hooks (CTEX)
)
(d:/texlive/2021/texmf-dist/tex/latex/ctex/ctexpatch.sty
Package: ctexpatch 2021/03/14 v2.5.6 Patching commands (CTEX)
)
(d:/texlive/2021/texmf-dist/tex/latex/base/fix-cm.sty
Package: fix-cm 2015/01/14 v1.1t fixes to LaTeX

(d:/texlive/2021/texmf-dist/tex/latex/base/ts1enc.def
File: ts1enc.def 2001/06/05 v3.0e (jk/car/fm) Standard LaTeX file
LaTeX Font Info:    Redeclaring font encoding TS1 on input line 47.
))
(d:/texlive/2021/texmf-dist/tex/latex/everysel/everysel.sty
Package: everysel 2021/01/20 v2.1 EverySelectfont Package (MS)

(d:/texlive/2021/texmf-dist/tex/latex/everysel/everysel-2011-10-28.sty))
\l__ctex_tmp_int=\count188
\l__ctex_tmp_box=\box48
\l__ctex_tmp_dim=\dimen148
\g__ctex_section_depth_int=\count189
\g__ctex_font_size_int=\count190

(d:/texlive/2021/texmf-dist/tex/latex/ctex/config/ctexopts.cfg
File: ctexopts.cfg 2021/03/14 v2.5.6 Option configuration file (CTEX)
)
(d:/texlive/2021/texmf-dist/tex/latex/ctex/engine/ctex-engine-luatex.def
File: ctex-engine-luatex.def 2021/03/14 v2.5.6 LuaLaTeX adapter (CTEX)

(d:/texlive/2021/texmf-dist/tex/luatex/luatexja/luatexja.sty
Package: luatexja 2021-03-19 Japanese Typesetting with Lua(La)TeX

(d:/texlive/2021/texmf-dist/tex/luatex/luatexja/luatexja-core.sty
Package: luatexja-core 2021-03-16 Core of LuaTeX-ja

(d:/texlive/2021/texmf-dist/tex/luatex/luatexbase/luatexbase.sty
Package: luatexbase 2015/10/04 v1.3 luatexbase interface to LuaTeX 

(d:/texlive/2021/texmf-dist/tex/luatex/ctablestack/ctablestack.sty
Package: ctablestack 2015/10/01 v1.0 Catcode table stable support
\@catcodetablestackcnt=\count191
)
\CatcodeTableOther=\catcodetable14
\CatcodeTableExpl=\catcodetable15
)
(d:/texlive/2021/texmf-dist/tex/generic/ltxcmds/ltxcmds.sty
Package: ltxcmds 2020-05-10 v1.25 LaTeX kernel commands for general use (HO)
)
(d:/texlive/2021/texmf-dist/tex/generic/pdftexcmds/pdftexcmds.sty
Package: pdftexcmds 2020-06-27 v0.33 Utility functions of pdfTeX for LuaTeX (HO
)

(d:/texlive/2021/texmf-dist/tex/generic/infwarerr/infwarerr.sty
Package: infwarerr 2019/12/03 v1.5 Providing info/warning/error messages (HO)
)
Package pdftexcmds Info: \pdf@primitive is available.
Package pdftexcmds Info: \pdf@ifprimitive is available.
Package pdftexcmds Info: \pdfdraftmode found.
\pdftexcmds@toks=\toks17
)
(d:/texlive/2021/texmf-dist/tex/latex/xkeyval/xkeyval.sty
Package: xkeyval 2020/11/20 v2.8 package option processing (HA)

(d:/texlive/2021/texmf-dist/tex/generic/xkeyval/xkeyval.tex
(d:/texlive/2021/texmf-dist/tex/generic/xkeyval/xkvutils.tex
\XKV@toks=\toks18
\XKV@tempa@toks=\toks19
)
\XKV@depth=\count192
File: xkeyval.tex 2014/12/03 v2.7a key=value parser (HA)
))
(d:/texlive/2021/texmf-dist/tex/latex/etoolbox/etoolbox.sty
Package: etoolbox 2020/10/05 v2.5k e-TeX tools for LaTeX (JAW)
\etb@tempcnta=\count193
)
(d:/texlive/2021/texmf-dist/tex/latex/everyhook/everyhook.sty
(d:/texlive/2021/texmf-dist/tex/latex/svn-prov/svn-prov.sty
Package: svn-prov 2010/04/24 v3.1862 Package Date/Version from SVN Keywords
)
Package: everyhook 2014/11/26 v1.2 (SVN Rev: 12)\ Hooks for low level TeX every
X primitives.
\everypar=\toks20
\frozen@everymath=\toks21
\frozen@everydisplay=\toks22
\everyhbox=\toks23
\everyvbox=\toks24
\everycr=\toks25
)
\ltjlineendcomment=\count194
\ltj@dimen@zw=\dimen149
\ltj@dimen@zh=\dimen150
\ltj@dimen@jQ=\dimen151
\ltj@icflag=\attribute5
\ltj@curjfnt=\attribute6
\ltj@curtfnt=\attribute7
\ltj@charclass=\attribute8
\ltj@charcode=\attribute9
\ltj@autospc=\attribute10
\ltj@autoxspc=\attribute11
\ltj@yablshift=\attribute12
\ltj@ykblshift=\attribute13
\ltj@tablshift=\attribute14
\ltj@tkblshift=\attribute15
\jfam=\attribute16
\ltj@vert@ori=\attribute17
\ltj@dir=\attribute18
\ltj@@japanese=\language89
\ltj@tempcnta=\count195
\ltj@kcat0=\attribute19
\ltj@kcat1=\attribute20
\ltj@kcat2=\attribute21
\ltj@kcat3=\attribute22
\ltj@kcat4=\attribute23
\ltj@kcat5=\attribute24
\ltj@kcat6=\attribute25
Custom whatsit inhibitglue = 1
Custom whatsit stack_marker = 2
Custom whatsit begin_par = 3
Custom whatsit direction = 4
Custom whatsit box_boundary = 5
Custom whatsit ja_al_boundary = 6(load cache: ltj-cid-auto-adobe-japan1.luc)
Lua module: luatexja.charrange 2020-07-30 Handling the range of Japanese charact
ers
Lua module: luatexja.stack 2020-07-30 LuaTeX-ja stack system
Inserting `ltj.create_dir_whatsit' at position 3 in `hpack_filter'.
Inserting `ltj.create_dir_whatsit' at position 2 in `post_linebreak_filter'.
Inserting `ltj.direction' at position 1 in `vpack_filter'.
Inserting `ltj.direction' at position 1 in `pre_output_filter'.
Inserting `ltj.lineskip' at position 3 in `post_linebreak_filter'.
Inserting `ltj.lineskip' at position 1 in `append_to_vlist_filter'.
Lua module: luatexja.jfont 2020-10-05 Loader for Japanese fonts
Removing  `luaotfload.define_font' from `define_font'.
Inserting `luatexja.font_callback' at position 1 in `define_font'.
Removing  `luaotfload.aux.set_sscale_dimens' from `luaotfload.patch_font'.
Removing  `luaotfload.aux.set_font_index' from `luaotfload.patch_font'.
Removing  `luaotfload.aux.patch_cambria_domh' from `luaotfload.patch_font'.
Removing  `luaotfload.aux.set_capheight' from `luaotfload.patch_font'.
Removing  `luaotfload.aux.set_xheight' from `luaotfload.patch_font'.
Removing  `luaotfload.rewrite_fontname' from `luaotfload.patch_font'.
Inserting `ltj.prepare_extra_data' at position 1 in `luaotfload.patch_font'.
Inserting `luaotfload.aux.set_sscale_dimens' at position 2 in `luaotfload.patch_
font'.
Inserting `luaotfload.aux.set_font_index' at position 3 in `luaotfload.patch_fon
t'.
Inserting `luaotfload.aux.patch_cambria_domh' at position 4 in `luaotfload.patch
_font'.
Inserting `luaotfload.aux.set_capheight' at position 5 in `luaotfload.patch_font
'.
Inserting `luaotfload.aux.set_xheight' at position 6 in `luaotfload.patch_font'.
Inserting `luaotfload.rewrite_fontname' at position 7 in `luaotfload.patch_font'
.
Inserting `ltj.prepare_extra_data' at position 1 in `luatexja.define_font'.(load
 cache: extra_lmroman10-regular.luc)
Inserting `ltj.get_vert_form' at position 1 in `luatexja.define_jfont'.
Removing  `ltj.prepare_extra_data' from `luaotfload.patch_font'.
Removing  `luaotfload.aux.set_sscale_dimens' from `luaotfload.patch_font'.
Removing  `luaotfload.aux.set_font_index' from `luaotfload.patch_font'.
Removing  `luaotfload.aux.patch_cambria_domh' from `luaotfload.patch_font'.
Removing  `luaotfload.aux.set_capheight' from `luaotfload.patch_font'.
Removing  `luaotfload.aux.set_xheight' from `luaotfload.patch_font'.
Removing  `luaotfload.rewrite_fontname' from `luaotfload.patch_font'.
Inserting `ltj.supply_tounicode' at position 1 in `luaotfload.patch_font'.
Inserting `ltj.prepare_extra_data' at position 2 in `luaotfload.patch_font'.
Inserting `luaotfload.aux.set_sscale_dimens' at position 3 in `luaotfload.patch_
font'.
Inserting `luaotfload.aux.set_font_index' at position 4 in `luaotfload.patch_fon
t'.
Inserting `luaotfload.aux.patch_cambria_domh' at position 5 in `luaotfload.patch
_font'.
Inserting `luaotfload.aux.set_capheight' at position 6 in `luaotfload.patch_font
'.
Inserting `luaotfload.aux.set_xheight' at position 7 in `luaotfload.patch_font'.
Inserting `luaotfload.rewrite_fontname' at position 8 in `luaotfload.patch_font'
.
Inserting `ltj.process_input_buffer' at position 1 in `process_input_buffer'.
Inserting `ltj.hyphenate' at position 1 in `hyphenate'.
Removing  `luaotfload.node_processor' from `hpack_filter'.
Removing  `luaotfload.harf.finalize_hlist' from `hpack_filter'.
Removing  `ltj.create_dir_whatsit' from `hpack_filter'.
Inserting `ltj.set_stack_level' at position 1 in `hpack_filter'.
Inserting `luaotfload.node_processor' at position 2 in `hpack_filter'.
Inserting `luaotfload.harf.finalize_hlist' at position 3 in `hpack_filter'.
Inserting `ltj.create_dir_whatsit' at position 4 in `hpack_filter'.
Removing  `luaotfload.node_processor' from `pre_linebreak_filter'.
Inserting `ltj.set_stack_level' at position 1 in `pre_linebreak_filter'.
Inserting `luaotfload.node_processor' at position 2 in `pre_linebreak_filter'.
Lua module: luatexja.jfmglue 2021-02-11 Insertion process of JFM glues, [x]kanji
skip and others
Inserting `luatexja.beginpar.np_info' at position 1 in `luatexja.jfmglue.whatsit
_getinfo'.
Inserting `luatexja.beginpar.np_info_after' at position 1 in `luatexja.jfmglue.w
hatsit_after'.
Inserting `ltj.mlist_to_hlist_pre' at position 1 in `pre_mlist_to_hlist_filter'.
Inserting `ltj.main' at position 3 in `pre_linebreak_filter'.
Removing  `luaotfload.harf.finalize_hlist' from `hpack_filter'.
Removing  `ltj.create_dir_whatsit' from `hpack_filter'.
Inserting `ltj.main' at position 3 in `hpack_filter'.
Inserting `luaotfload.harf.finalize_hlist' at position 4 in `hpack_filter'.
Inserting `ltj.create_dir_whatsit' at position 5 in `hpack_filter'.
Removing  `ltj.set_stack_level' from `pre_linebreak_filter'.
Removing  `luaotfload.node_processor' from `pre_linebreak_filter'.
Removing  `ltj.main' from `pre_linebreak_filter'.
Inserting `ltj.adjust_icflag' at position 1 in `pre_linebreak_filter'.
Inserting `ltj.set_stack_level' at position 2 in `pre_linebreak_filter'.
Inserting `luaotfload.node_processor' at position 3 in `pre_linebreak_filter'.
Inserting `ltj.main' at position 4 in `pre_linebreak_filter'.
Removing  `ltj.set_stack_level' from `hpack_filter'.
Removing  `luaotfload.node_processor' from `hpack_filter'.
Removing  `ltj.main' from `hpack_filter'.
Removing  `luaotfload.harf.finalize_hlist' from `hpack_filter'.
Removing  `ltj.create_dir_whatsit' from `hpack_filter'.
Inserting `ltj.adjust_icflag' at position 1 in `hpack_filter'.
Inserting `ltj.set_stack_level' at position 2 in `hpack_filter'.
Inserting `luaotfload.node_processor' at position 3 in `hpack_filter'.
Inserting `ltj.main' at position 4 in `hpack_filter'.
Inserting `luaotfload.harf.finalize_hlist' at position 5 in `hpack_filter'.
Inserting `ltj.create_dir_whatsit' at position 6 in `hpack_filter'.
(d:/texlive/2021/texmf-dist/tex/luatex/luatexja/ltj-base.sty
Package: ltj-base 2021-03-16
\ltj@tempcntb=\count196
\ltj@tempcntc=\count197
\ltj@tempdima=\dimen152
\ltj@afbox=\box49
)
\ltj@@italic@inner=\luafunction11
\ltj@@start@time@measure@inner=\luafunction12
\ltj@@stop@time@measure@inner=\luafunction13
\ltj@@jfont@inner=\luafunction14
\ltj@zw@inner=\luafunction15
\ltj@zh@inner=\luafunction16
\ltj@reset@globaldefs@inner=\luafunction17
\ltj@restore@globaldefs@inner=\luafunction18
\ltj@@disihb@inner=\luafunction19
\ltj@@ihb@inner=\luafunction20
\ltj@@fakeparbegin@inner=\luafunction21
\ltj@@fakeboxbdd@inner=\luafunction22
\ltj@@ins@xk@inner=\luafunction23
\ltj@@ins@k@inner=\luafunction24
\ltj@@stack=\count198
\ltj@@group@level=\count199
\ltjsetkanjiskip@inner=\luafunction25
\ltjsetxkanjiskip@inner=\luafunction26
\ltj@@getparam@one@inner=\luafunction27
\ltj@alljachar@inner=\luafunction28
\ltj@@lua@populate@insertwhatsit@inner=\luafunction29
\ltj@@box@dirhook@inner=\luafunction30
\ltj@@reset@badness@inner=\luafunction31
\ltj@@lua@raisebox@inner=\luafunction32
\ltj@@lua@unboxcheckdir@inner=\luafunction33
(load cache: ltj-kinsoku_default.luc)
\ltj@temp@cctb=\catcodetable16
)
(d:/texlive/2021/texmf-dist/tex/luatex/luatexja/luatexja-compat.sty
Package: luatexja-compat 2020-08-08 Compatibility with pTeX
(load cache: ltj-jisx0208.luc)
\hour=\count266
\minute=\count267
))
(d:/texlive/2021/texmf-dist/tex/latex/fontspec/fontspec.sty
Package: fontspec 2020/02/21 v2.7i Font selection for XeLaTeX and LuaLaTeX
Lua module: fontspec 2020/02/21 2.7i Font selection for XeLaTeX and LuaLaTeX
(d:/texlive/2021/texmf-dist/tex/latex/fontspec/fontspec-luatex.sty
Package: fontspec-luatex 2020/02/21 v2.7i Font selection for XeLaTeX and LuaLaT
eX
\l__fontspec_script_int=\count268
\l__fontspec_language_int=\count269
\l__fontspec_strnum_int=\count270
\l__fontspec_tmp_int=\count271
\l__fontspec_tmpa_int=\count272
\l__fontspec_tmpb_int=\count273
\l__fontspec_tmpc_int=\count274
\l__fontspec_em_int=\count275
\l__fontspec_emdef_int=\count276
\l__fontspec_strong_int=\count277
\l__fontspec_strongdef_int=\count278
\l__fontspec_tmpa_dim=\dimen153
\l__fontspec_tmpb_dim=\dimen154
\l__fontspec_tmpc_dim=\dimen155

(d:/texlive/2021/texmf-dist/tex/latex/base/fontenc.sty
Package: fontenc 2020/08/10 v2.0s Standard LaTeX package
)
(d:/texlive/2021/texmf-dist/tex/latex/fontspec/fontspec.cfg)(load cache: extra_l
mroman10-bold.luc)))
(d:/texlive/2021/texmf-dist/tex/latex/base/tuenc.def
File: tuenc.def 2020/08/10 v2.0s Standard LaTeX file
\@remove@tlig@@@@=\luafunction34
LaTeX Font Info:    Redeclaring font encoding TU on input line 106.
)
Lua function ctex = 35
Lua function ctex = 36
Lua function ctex = 37
Lua function ctex = 38
Lua function ctex = 39
Lua function ctex = 40
Lua function ctex = 41
Lua function ctex = 42
Lua function ctex = 43
Lua function ctex = 44
\symCJKmath=\mathgroup4
LaTeX Font Info:    Overwriting symbol font `CJKmath' in version `bold'
(Font)                  LTJY3/song/m/n --> LTJY3/song/b/n on input line 462.
\g__ctex_ltj_family_int=\count279
\ccwd=\dimen156
\l__ctex_ccglue_skip=\skip49
(load cache: ltj-cid-auto-adobe-gb1.luc)
(d:/texlive/2021/texmf-dist/tex/luatex/luatexja/jfm-quanjiao.lua)
\l__ctex_xkanjiskip_skip=\skip50
\cht=\dimen157
\cdp=\dimen158
\cwd=\dimen159
Lua function ctex = 45)
\l__ctex_ziju_dim=\dimen160

(d:/texlive/2021/texmf-dist/tex/latex/zhnumber/zhnumber.sty
Package: zhnumber 2020/05/01 v2.8 Typesetting numbers with Chinese glyphs
\l__zhnum_scale_int=\count280

(d:/texlive/2021/texmf-dist/tex/latex/zhnumber/zhnumber-utf8.cfg
File: zhnumber-utf8.cfg 2020/05/01 v2.8 Chinese numerals with UTF8 encoding
))
(d:/texlive/2021/texmf-dist/tex/latex/ctex/scheme/ctex-scheme-chinese.def
File: ctex-scheme-chinese.def 2021/03/14 v2.5.6 Chinese scheme for generic (CTE
X)

(d:/texlive/2021/texmf-dist/tex/latex/ctex/config/ctex-name-utf8.cfg
File: ctex-name-utf8.cfg 2021/03/14 v2.5.6 Caption with encoding UTF-8 (CTEX)
))
(d:/texlive/2021/texmf-dist/tex/latex/tools/indentfirst.sty
Package: indentfirst 1995/11/23 v1.03 Indent first paragraph (DPC)
)
(d:/texlive/2021/texmf-dist/tex/latex/ctex/ctex-c5size.clo
File: ctex-c5size.clo 2021/03/14 v2.5.6 c5size option (CTEX)
)(load cache: extra_lmroman8-regular.luc)
(d:/texlive/2021/texmf-dist/tex/latex/ctex/fontset/ctex-fontset-windows.def
File: ctex-fontset-windows.def 2021/03/14 v2.5.6 Windows fonts definition (CTEX
)
luaotfload | cache : Lookup cache loaded from D:/texlive/2021/texmf-var/luatex-c
ache/generic/names/luaotfload-lookup-cache.luc.(load cache: extra_simsun.luc)(lo
ad cache: extra_kaiti.luc)

Package fontspec Info: Could not resolve font "KaiTi/B" (it probably doesn't
(fontspec)             exist).

(load cache: extra_simhei.luc)

Package fontspec Info: Could not resolve font "SimHei/I" (it probably doesn't
(fontspec)             exist).


Package fontspec Info: Could not resolve font "SimSun/BI" (it probably doesn't
(fontspec)             exist).

luaotfload | aux : font no 33 (nil) does not define feature smcp for script latn
 with language dflt
luaotfload | aux : font no 34 (nil) does not define feature smcp for script latn
 with language dflt
luaotfload | aux : font no 35 (nil) does not define feature smcp for script latn
 with language dflt

Package fontspec Info: Font family 'SimSun(0)' created for font 'SimSun' with
(fontspec)             options
(fontspec)             [NFSSEncoding=LTJY3,JFM=quanjiao,BoldFont={SimHei},Itali
cFont={KaiTi},LTJFONTUID=1].
(fontspec)              
(fontspec)              This font family consists of the following NFSS
(fontspec)             series/shapes:
(fontspec)              
(fontspec)             - 'normal' (m/n) with NFSS spec.:
(fontspec)             <->"SimSun:mode=node;script=latn;language=dflt;jfm=quanj
iao;"
(fontspec)             - 'small caps'  (m/sc) with NFSS spec.: 
(fontspec)             - 'bold' (b/n) with NFSS spec.:
(fontspec)             <->"SimHei:mode=node;script=latn;language=dflt;jfm=quanj
iao;"
(fontspec)             - 'bold small caps'  (b/sc) with NFSS spec.: 
(fontspec)             - 'italic' (m/it) with NFSS spec.:
(fontspec)             <->"KaiTi:mode=node;script=latn;language=dflt;jfm=quanji
ao;"
(fontspec)             - 'italic small caps'  (m/scit) with NFSS spec.: 

))
(d:/texlive/2021/texmf-dist/tex/latex/ctex/config/ctex.cfg
File: ctex.cfg 2021/03/14 v2.5.6 Configuration file (CTEX)
)
(d:/texlive/2021/texmf-dist/tex/latex/base/inputenc.sty
Package: inputenc 2020/08/01 v1.3d Input encoding file
\inpenc@prehook=\toks26
\inpenc@posthook=\toks27


Package inputenc Warning: inputenc package ignored with utf8 based engines.

) (d:/texlive/2021/texmf-dist/tex/latex/listings/listings.sty
\lst@mode=\count281
\lst@gtempboxa=\box50
\lst@token=\toks28
\lst@length=\count282
\lst@currlwidth=\dimen161
\lst@column=\count283
\lst@pos=\count284
\lst@lostspace=\dimen162
\lst@width=\dimen163
\lst@newlines=\count285
\lst@lineno=\count286
\lst@maxwidth=\dimen164

(d:/texlive/2021/texmf-dist/tex/latex/listings/lstmisc.sty
File: lstmisc.sty 2020/03/24 1.8d (Carsten Heinz)
\c@lstnumber=\count287
\lst@skipnumbers=\count288
\lst@framebox=\box51
)
(d:/texlive/2021/texmf-dist/tex/latex/listings/listings.cfg
File: listings.cfg 2020/03/24 1.8d listings configuration
))
Package: listings 2020/03/24 1.8d (Carsten Heinz)

(d:/texlive/2021/texmf-dist/tex/luatex/luatexja/patches/lltjp-listings.sty
(d:/texlive/2021/texmf-dist/tex/luatex/luatexbase/luatexbase-cctb.sty
Package: luatexbase-cctb 2015/10/04 v1.3 luatexbase interface to LuaTeX (legacy
 subpackage) 
)
\CatcodeTableLTJlistings=\catcodetable17
\ltj@lst@frame@lslimit=\dimen165

(d:/texlive/2021/texmf-dist/tex/latex/listings/lstmisc.sty
File: lstmisc.sty 2020/03/24 1.8d (Carsten Heinz)
\lst@WFtoken=\toks29
\lst@WF=\write3
))
(d:/texlive/2021/texmf-dist/tex/latex/float/float.sty
Package: float 2001/11/08 v1.3d Float enhancements (AL)
\c@float@type=\count289
\float@exts=\toks30
\float@box=\box52
\@float@everytoks=\toks31
\@floatcapt=\box53
)
(d:/texlive/2021/texmf-dist/tex/latex/amsmath/amsmath.sty
Package: amsmath 2020/09/23 v2.17i AMS math features
\@mathmargin=\skip51

For additional information on amsmath, use the `?' option.
(d:/texlive/2021/texmf-dist/tex/latex/amsmath/amstext.sty
Package: amstext 2000/06/29 v2.01 AMS text

(d:/texlive/2021/texmf-dist/tex/latex/amsmath/amsgen.sty
File: amsgen.sty 1999/11/30 v2.0 generic functions
\@emptytoks=\toks32
\ex@=\dimen166
))
(d:/texlive/2021/texmf-dist/tex/latex/amsmath/amsbsy.sty
Package: amsbsy 1999/11/29 v1.2d Bold Symbols
\pmbraise@=\dimen167
)
(d:/texlive/2021/texmf-dist/tex/latex/amsmath/amsopn.sty
Package: amsopn 2016/03/08 v2.02 operator names
)
\inf@bad=\count290
LaTeX Info: Redefining \frac on input line 236.
\uproot@=\count291
\leftroot@=\count292
LaTeX Info: Redefining \overline on input line 399.
\classnum@=\count293
\DOTSCASE@=\count294
LaTeX Info: Redefining \ldots on input line 496.
LaTeX Info: Redefining \dots on input line 499.
LaTeX Info: Redefining \cdots on input line 620.
\Mathstrutbox@=\box54
\strutbox@=\box55
\big@size=\dimen168
LaTeX Font Info:    Redeclaring font encoding OML on input line 743.
LaTeX Font Info:    Redeclaring font encoding OMS on input line 744.
\macc@depth=\count295
\c@MaxMatrixCols=\count296
\dotsspace@=\muskip16
\c@parentequation=\count297
\dspbrk@lvl=\count298
\tag@help=\toks33
\row@=\count299
\column@=\count300
\maxfields@=\count301
\andhelp@=\toks34
\eqnshift@=\dimen169
\alignsep@=\dimen170
\tagshift@=\dimen171
\tagwidth@=\dimen172
\totwidth@=\dimen173
\lineht@=\dimen174
\@envbody=\toks35
\multlinegap=\skip52
\multlinetaggap=\skip53
\mathdisplay@stack=\toks36
LaTeX Info: Redefining \[ on input line 2923.
LaTeX Info: Redefining \] on input line 2924.
)
(d:/texlive/2021/texmf-dist/tex/latex/todonotes/todonotes.sty
Package: todonotes 2020/08/18 v1.1.3 Todonotes source and documentation.
Package: todonotes 2018/11/22

(d:/texlive/2021/texmf-dist/tex/latex/base/ifthen.sty
Package: ifthen 2014/09/29 v1.1c Standard LaTeX ifthen package (DPC)
)
(d:/texlive/2021/texmf-dist/tex/latex/xcolor/xcolor.sty
Package: xcolor 2016/05/11 v2.12 LaTeX color extensions (UK)

(d:/texlive/2021/texmf-dist/tex/latex/graphics-cfg/color.cfg
File: color.cfg 2016/01/02 v1.6 sample color configuration
)
Package xcolor Info: Driver file: luatex.def on input line 225.

(d:/texlive/2021/texmf-dist/tex/latex/graphics-def/luatex.def
File: luatex.def 2020/10/05 v1.2a Graphics/color driver for luatex
)
(d:/texlive/2021/texmf-dist/tex/latex/colortbl/colortbl.sty
Package: colortbl 2020/01/04 v1.0e Color table columns (DPC)

(d:/texlive/2021/texmf-dist/tex/latex/tools/array.sty
Package: array 2020/10/01 v2.5c Tabular extension package (FMi)
\col@sep=\dimen175
\ar@mcellbox=\box56
\extrarowheight=\dimen176
\NC@list=\toks37
\extratabsurround=\skip54
\backup@length=\skip55
\ar@cellbox=\box57
)
\everycr=\toks38
\minrowclearance=\skip56
)
\rownum=\count302
Package xcolor Info: Model `cmy' substituted by `cmy0' on input line 1348.
Package xcolor Info: Model `hsb' substituted by `rgb' on input line 1352.
Package xcolor Info: Model `RGB' extended on input line 1364.
Package xcolor Info: Model `HTML' substituted by `rgb' on input line 1366.
Package xcolor Info: Model `Hsb' substituted by `hsb' on input line 1367.
Package xcolor Info: Model `tHsb' substituted by `hsb' on input line 1368.
Package xcolor Info: Model `HSB' substituted by `hsb' on input line 1369.
Package xcolor Info: Model `Gray' substituted by `gray' on input line 1370.
Package xcolor Info: Model `wave' substituted by `hsb' on input line 1371.
)
(d:/texlive/2021/texmf-dist/tex/latex/pgf/frontendlayer/tikz.sty
(d:/texlive/2021/texmf-dist/tex/latex/pgf/basiclayer/pgf.sty
(d:/texlive/2021/texmf-dist/tex/latex/pgf/utilities/pgfrcs.sty
(d:/texlive/2021/texmf-dist/tex/generic/pgf/utilities/pgfutil-common.tex
\pgfutil@everybye=\toks39
\pgfutil@tempdima=\dimen177
\pgfutil@tempdimb=\dimen178

(d:/texlive/2021/texmf-dist/tex/generic/pgf/utilities/pgfutil-common-lists.tex))
 (d:/texlive/2021/texmf-dist/tex/generic/pgf/utilities/pgfutil-latex.def
\pgfutil@abb=\box58
)
(d:/texlive/2021/texmf-dist/tex/generic/pgf/utilities/pgfrcs.code.tex
(d:/texlive/2021/texmf-dist/tex/generic/pgf/pgf.revision.tex)
Package: pgfrcs 2020/12/27 v3.1.8b (3.1.8b)
))
Package: pgf 2020/12/27 v3.1.8b (3.1.8b)

(d:/texlive/2021/texmf-dist/tex/latex/pgf/basiclayer/pgfcore.sty
(d:/texlive/2021/texmf-dist/tex/latex/graphics/graphicx.sty
Package: graphicx 2020/09/09 v1.2b Enhanced LaTeX Graphics (DPC,SPQR)

(d:/texlive/2021/texmf-dist/tex/latex/graphics/graphics.sty
Package: graphics 2020/08/30 v1.4c Standard LaTeX Graphics (DPC,SPQR)

(d:/texlive/2021/texmf-dist/tex/latex/graphics/trig.sty
Package: trig 2016/01/03 v1.10 sin cos tan (DPC)
)
(d:/texlive/2021/texmf-dist/tex/latex/graphics-cfg/graphics.cfg
File: graphics.cfg 2016/06/04 v1.11 sample graphics configuration
)
Package graphics Info: Driver file: luatex.def on input line 105.
)
\Gin@req@height=\dimen179
\Gin@req@width=\dimen180
)
(d:/texlive/2021/texmf-dist/tex/latex/pgf/systemlayer/pgfsys.sty
(d:/texlive/2021/texmf-dist/tex/generic/pgf/systemlayer/pgfsys.code.tex
Package: pgfsys 2020/12/27 v3.1.8b (3.1.8b)

(d:/texlive/2021/texmf-dist/tex/generic/pgf/utilities/pgfkeys.code.tex
\pgfkeys@pathtoks=\toks40
\pgfkeys@temptoks=\toks41

(d:/texlive/2021/texmf-dist/tex/generic/pgf/utilities/pgfkeysfiltered.code.tex
\pgfkeys@tmptoks=\toks42
))
\pgf@x=\dimen181
\pgf@y=\dimen182
\pgf@xa=\dimen183
\pgf@ya=\dimen184
\pgf@xb=\dimen185
\pgf@yb=\dimen186
\pgf@xc=\dimen187
\pgf@yc=\dimen188
\pgf@xd=\dimen189
\pgf@yd=\dimen190
\w@pgf@writea=\write4
\r@pgf@reada=\read3
\c@pgf@counta=\count303
\c@pgf@countb=\count304
\c@pgf@countc=\count305
\c@pgf@countd=\count306
\t@pgf@toka=\toks43
\t@pgf@tokb=\toks44
\t@pgf@tokc=\toks45
\pgf@sys@id@count=\count307
 (d:/texlive/2021/texmf-dist/tex/generic/pgf/systemlayer/pgf.cfg
File: pgf.cfg 2020/12/27 v3.1.8b (3.1.8b)
)
Driver file for pgf: pgfsys-luatex.def

(d:/texlive/2021/texmf-dist/tex/generic/pgf/systemlayer/pgfsys-luatex.def
File: pgfsys-luatex.def 2020/12/27 v3.1.8b (3.1.8b)

(d:/texlive/2021/texmf-dist/tex/generic/pgf/systemlayer/pgfsys-common-pdf.def
File: pgfsys-common-pdf.def 2020/12/27 v3.1.8b (3.1.8b)
)))
(d:/texlive/2021/texmf-dist/tex/generic/pgf/systemlayer/pgfsyssoftpath.code.tex
File: pgfsyssoftpath.code.tex 2020/12/27 v3.1.8b (3.1.8b)
\pgfsyssoftpath@smallbuffer@items=\count308
\pgfsyssoftpath@bigbuffer@items=\count309
)
(d:/texlive/2021/texmf-dist/tex/generic/pgf/systemlayer/pgfsysprotocol.code.tex
File: pgfsysprotocol.code.tex 2020/12/27 v3.1.8b (3.1.8b)
)) (d:/texlive/2021/texmf-dist/tex/generic/pgf/basiclayer/pgfcore.code.tex
Package: pgfcore 2020/12/27 v3.1.8b (3.1.8b)

(d:/texlive/2021/texmf-dist/tex/generic/pgf/math/pgfmath.code.tex
(d:/texlive/2021/texmf-dist/tex/generic/pgf/math/pgfmathcalc.code.tex
(d:/texlive/2021/texmf-dist/tex/generic/pgf/math/pgfmathutil.code.tex)
(d:/texlive/2021/texmf-dist/tex/generic/pgf/math/pgfmathparser.code.tex
\pgfmath@dimen=\dimen191
\pgfmath@count=\count310
\pgfmath@box=\box59
\pgfmath@toks=\toks46
\pgfmath@stack@operand=\toks47
\pgfmath@stack@operation=\toks48
)
(d:/texlive/2021/texmf-dist/tex/generic/pgf/math/pgfmathfunctions.code.tex
(d:/texlive/2021/texmf-dist/tex/generic/pgf/math/pgfmathfunctions.basic.code.te
x)
(d:/texlive/2021/texmf-dist/tex/generic/pgf/math/pgfmathfunctions.trigonometric
.code.tex)
(d:/texlive/2021/texmf-dist/tex/generic/pgf/math/pgfmathfunctions.random.code.t
ex)
(d:/texlive/2021/texmf-dist/tex/generic/pgf/math/pgfmathfunctions.comparison.co
de.tex)
(d:/texlive/2021/texmf-dist/tex/generic/pgf/math/pgfmathfunctions.base.code.tex
)
(d:/texlive/2021/texmf-dist/tex/generic/pgf/math/pgfmathfunctions.round.code.te
x)
(d:/texlive/2021/texmf-dist/tex/generic/pgf/math/pgfmathfunctions.misc.code.tex
)
(d:/texlive/2021/texmf-dist/tex/generic/pgf/math/pgfmathfunctions.integerarithm
etics.code.tex)))
(d:/texlive/2021/texmf-dist/tex/generic/pgf/math/pgfmathfloat.code.tex
\c@pgfmathroundto@lastzeros=\count311
))
(d:/texlive/2021/texmf-dist/tex/generic/pgf/math/pgfint.code.tex)
(d:/texlive/2021/texmf-dist/tex/generic/pgf/basiclayer/pgfcorepoints.code.tex
File: pgfcorepoints.code.tex 2020/12/27 v3.1.8b (3.1.8b)
\pgf@picminx=\dimen192
\pgf@picmaxx=\dimen193
\pgf@picminy=\dimen194
\pgf@picmaxy=\dimen195
\pgf@pathminx=\dimen196
\pgf@pathmaxx=\dimen197
\pgf@pathminy=\dimen198
\pgf@pathmaxy=\dimen199
\pgf@xx=\dimen256
\pgf@xy=\dimen257
\pgf@yx=\dimen258
\pgf@yy=\dimen259
\pgf@zx=\dimen260
\pgf@zy=\dimen261
)
(d:/texlive/2021/texmf-dist/tex/generic/pgf/basiclayer/pgfcorepathconstruct.cod
e.tex
File: pgfcorepathconstruct.code.tex 2020/12/27 v3.1.8b (3.1.8b)
\pgf@path@lastx=\dimen262
\pgf@path@lasty=\dimen263
)
(d:/texlive/2021/texmf-dist/tex/generic/pgf/basiclayer/pgfcorepathusage.code.te
x
File: pgfcorepathusage.code.tex 2020/12/27 v3.1.8b (3.1.8b)
\pgf@shorten@end@additional=\dimen264
\pgf@shorten@start@additional=\dimen265
)
(d:/texlive/2021/texmf-dist/tex/generic/pgf/basiclayer/pgfcorescopes.code.tex
File: pgfcorescopes.code.tex 2020/12/27 v3.1.8b (3.1.8b)
\pgfpic=\box60
\pgf@hbox=\box61
\pgf@layerbox@main=\box62
\pgf@picture@serial@count=\count312
)
(d:/texlive/2021/texmf-dist/tex/generic/pgf/basiclayer/pgfcoregraphicstate.code
.tex
File: pgfcoregraphicstate.code.tex 2020/12/27 v3.1.8b (3.1.8b)
\pgflinewidth=\dimen266
)
(d:/texlive/2021/texmf-dist/tex/generic/pgf/basiclayer/pgfcoretransformations.c
ode.tex
File: pgfcoretransformations.code.tex 2020/12/27 v3.1.8b (3.1.8b)
\pgf@pt@x=\dimen267
\pgf@pt@y=\dimen268
\pgf@pt@temp=\dimen269
)
(d:/texlive/2021/texmf-dist/tex/generic/pgf/basiclayer/pgfcorequick.code.tex
File: pgfcorequick.code.tex 2020/12/27 v3.1.8b (3.1.8b)
)
(d:/texlive/2021/texmf-dist/tex/generic/pgf/basiclayer/pgfcoreobjects.code.tex
File: pgfcoreobjects.code.tex 2020/12/27 v3.1.8b (3.1.8b)
)
(d:/texlive/2021/texmf-dist/tex/generic/pgf/basiclayer/pgfcorepathprocessing.co
de.tex
File: pgfcorepathprocessing.code.tex 2020/12/27 v3.1.8b (3.1.8b)
)
(d:/texlive/2021/texmf-dist/tex/generic/pgf/basiclayer/pgfcorearrows.code.tex
File: pgfcorearrows.code.tex 2020/12/27 v3.1.8b (3.1.8b)
\pgfarrowsep=\dimen270
)
(d:/texlive/2021/texmf-dist/tex/generic/pgf/basiclayer/pgfcoreshade.code.tex
File: pgfcoreshade.code.tex 2020/12/27 v3.1.8b (3.1.8b)
\pgf@max=\dimen271
\pgf@sys@shading@range@num=\count313
\pgf@shadingcount=\count314
)
(d:/texlive/2021/texmf-dist/tex/generic/pgf/basiclayer/pgfcoreimage.code.tex
File: pgfcoreimage.code.tex 2020/12/27 v3.1.8b (3.1.8b)

(d:/texlive/2021/texmf-dist/tex/generic/pgf/basiclayer/pgfcoreexternal.code.tex
File: pgfcoreexternal.code.tex 2020/12/27 v3.1.8b (3.1.8b)
\pgfexternal@startupbox=\box63
))
(d:/texlive/2021/texmf-dist/tex/generic/pgf/basiclayer/pgfcorelayers.code.tex
File: pgfcorelayers.code.tex 2020/12/27 v3.1.8b (3.1.8b)
)
(d:/texlive/2021/texmf-dist/tex/generic/pgf/basiclayer/pgfcoretransparency.code
.tex
File: pgfcoretransparency.code.tex 2020/12/27 v3.1.8b (3.1.8b)
)
(d:/texlive/2021/texmf-dist/tex/generic/pgf/basiclayer/pgfcorepatterns.code.tex
File: pgfcorepatterns.code.tex 2020/12/27 v3.1.8b (3.1.8b)
) (d:/texlive/2021/texmf-dist/tex/generic/pgf/basiclayer/pgfcorerdf.code.tex
File: pgfcorerdf.code.tex 2020/12/27 v3.1.8b (3.1.8b)
))) (d:/texlive/2021/texmf-dist/tex/generic/pgf/modules/pgfmoduleshapes.code.te
x
File: pgfmoduleshapes.code.tex 2020/12/27 v3.1.8b (3.1.8b)
\pgfnodeparttextbox=\box64
)
(d:/texlive/2021/texmf-dist/tex/generic/pgf/modules/pgfmoduleplot.code.tex
File: pgfmoduleplot.code.tex 2020/12/27 v3.1.8b (3.1.8b)
)
(d:/texlive/2021/texmf-dist/tex/latex/pgf/compatibility/pgfcomp-version-0-65.st
y
Package: pgfcomp-version-0-65 2020/12/27 v3.1.8b (3.1.8b)
\pgf@nodesepstart=\dimen272
\pgf@nodesepend=\dimen273
)
(d:/texlive/2021/texmf-dist/tex/latex/pgf/compatibility/pgfcomp-version-1-18.st
y
Package: pgfcomp-version-1-18 2020/12/27 v3.1.8b (3.1.8b)
)) (d:/texlive/2021/texmf-dist/tex/latex/pgf/utilities/pgffor.sty
(d:/texlive/2021/texmf-dist/tex/latex/pgf/utilities/pgfkeys.sty
(d:/texlive/2021/texmf-dist/tex/generic/pgf/utilities/pgfkeys.code.tex))
(d:/texlive/2021/texmf-dist/tex/latex/pgf/math/pgfmath.sty
(d:/texlive/2021/texmf-dist/tex/generic/pgf/math/pgfmath.code.tex))
(d:/texlive/2021/texmf-dist/tex/generic/pgf/utilities/pgffor.code.tex
Package: pgffor 2020/12/27 v3.1.8b (3.1.8b)

(d:/texlive/2021/texmf-dist/tex/generic/pgf/math/pgfmath.code.tex)
\pgffor@iter=\dimen274
\pgffor@skip=\dimen275
\pgffor@stack=\toks49
\pgffor@toks=\toks50
))
(d:/texlive/2021/texmf-dist/tex/generic/pgf/frontendlayer/tikz/tikz.code.tex
Package: tikz 2020/12/27 v3.1.8b (3.1.8b)

(d:/texlive/2021/texmf-dist/tex/generic/pgf/libraries/pgflibraryplothandlers.co
de.tex
File: pgflibraryplothandlers.code.tex 2020/12/27 v3.1.8b (3.1.8b)
\pgf@plot@mark@count=\count315
\pgfplotmarksize=\dimen276
)
\tikz@lastx=\dimen277
\tikz@lasty=\dimen278
\tikz@lastxsaved=\dimen279
\tikz@lastysaved=\dimen280
\tikz@lastmovetox=\dimen281
\tikz@lastmovetoy=\dimen282
\tikzleveldistance=\dimen283
\tikzsiblingdistance=\dimen284
\tikz@figbox=\box65
\tikz@figbox@bg=\box66
\tikz@tempbox=\box67
\tikz@tempbox@bg=\box68
\tikztreelevel=\count316
\tikznumberofchildren=\count317
\tikznumberofcurrentchild=\count318
\tikz@fig@count=\count319

(d:/texlive/2021/texmf-dist/tex/generic/pgf/modules/pgfmodulematrix.code.tex
File: pgfmodulematrix.code.tex 2020/12/27 v3.1.8b (3.1.8b)
\pgfmatrixcurrentrow=\count320
\pgfmatrixcurrentcolumn=\count321
\pgf@matrix@numberofcolumns=\count322
)
\tikz@expandcount=\count323

(d:/texlive/2021/texmf-dist/tex/generic/pgf/frontendlayer/tikz/libraries/tikzli
brarytopaths.code.tex
File: tikzlibrarytopaths.code.tex 2020/12/27 v3.1.8b (3.1.8b)
)))
(d:/texlive/2021/texmf-dist/tex/generic/pgf/frontendlayer/tikz/libraries/tikzli
brarypositioning.code.tex
File: tikzlibrarypositioning.code.tex 2020/12/27 v3.1.8b (3.1.8b)
)
(d:/texlive/2021/texmf-dist/tex/generic/pgf/frontendlayer/tikz/libraries/tikzli
braryshadows.code.tex
File: tikzlibraryshadows.code.tex 2020/12/27 v3.1.8b (3.1.8b)

(d:/texlive/2021/texmf-dist/tex/generic/pgf/frontendlayer/tikz/libraries/tikzli
braryfadings.code.tex
File: tikzlibraryfadings.code.tex 2020/12/27 v3.1.8b (3.1.8b)

(d:/texlive/2021/texmf-dist/tex/generic/pgf/libraries/pgflibraryfadings.code.te
x
File: pgflibraryfadings.code.tex 2020/12/27 v3.1.8b (3.1.8b)
))) (d:/texlive/2021/texmf-dist/tex/latex/tools/calc.sty
Package: calc 2017/05/25 v4.3 Infix arithmetic (KKT,FJ)
\calc@Acount=\count324
\calc@Bcount=\count325
\calc@Adimen=\dimen285
\calc@Bdimen=\dimen286
\calc@Askip=\skip57
\calc@Bskip=\skip58
LaTeX Info: Redefining \setlength on input line 80.
LaTeX Info: Redefining \addtolength on input line 81.
\calc@Ccount=\count326
\calc@Cskip=\skip59
)
\c@@todonotes@numberoftodonotes=\count327
)
(d:/texlive/2021/texmf-dist/tex/latex/hyperref/hyperref.sty
Package: hyperref 2021-02-27 v7.00k Hypertext links for LaTeX

(d:/texlive/2021/texmf-dist/tex/generic/kvsetkeys/kvsetkeys.sty
Package: kvsetkeys 2019/12/15 v1.18 Key value parser (HO)
)
(d:/texlive/2021/texmf-dist/tex/generic/kvdefinekeys/kvdefinekeys.sty
Package: kvdefinekeys 2019-12-19 v1.6 Define keys (HO)
)
(d:/texlive/2021/texmf-dist/tex/generic/pdfescape/pdfescape.sty
Package: pdfescape 2019/12/09 v1.15 Implements pdfTeX's escape features (HO)
)
(d:/texlive/2021/texmf-dist/tex/latex/hycolor/hycolor.sty
Package: hycolor 2020-01-27 v1.10 Color options for hyperref/bookmark (HO)
)
(d:/texlive/2021/texmf-dist/tex/latex/letltxmacro/letltxmacro.sty
Package: letltxmacro 2019/12/03 v1.6 Let assignment for LaTeX macros (HO)
)
(d:/texlive/2021/texmf-dist/tex/latex/auxhook/auxhook.sty
Package: auxhook 2019-12-17 v1.6 Hooks for auxiliary files (HO)
)
(d:/texlive/2021/texmf-dist/tex/latex/kvoptions/kvoptions.sty
Package: kvoptions 2020-10-07 v3.14 Key value format for package options (HO)
)
\@linkdim=\dimen287
\Hy@linkcounter=\count328
\Hy@pagecounter=\count329

(d:/texlive/2021/texmf-dist/tex/latex/hyperref/pd1enc.def
File: pd1enc.def 2021-02-27 v7.00k Hyperref: PDFDocEncoding definition (HO)
)
(d:/texlive/2021/texmf-dist/tex/latex/hyperref/hyperref-langpatches.def
File: hyperref-langpatches.def 2021-02-27 v7.00k Hyperref: patches for babel la
nguages
)
(d:/texlive/2021/texmf-dist/tex/generic/intcalc/intcalc.sty
Package: intcalc 2019/12/15 v1.3 Expandable calculations with integers (HO)
)
(d:/texlive/2021/texmf-dist/tex/generic/etexcmds/etexcmds.sty
Package: etexcmds 2019/12/15 v1.7 Avoid name clashes with e-TeX commands (HO)
)
\Hy@SavedSpaceFactor=\count330

(d:/texlive/2021/texmf-dist/tex/latex/hyperref/puenc.def
File: puenc.def 2021-02-27 v7.00k Hyperref: PDF Unicode definition (HO)
)
Package hyperref Info: Option `unicode' set `true' on input line 4073.
Package hyperref Info: Option `colorlinks' set `true' on input line 4073.
Package hyperref Info: Hyper figures OFF on input line 4192.
Package hyperref Info: Link nesting OFF on input line 4197.
Package hyperref Info: Hyper index ON on input line 4200.
Package hyperref Info: Plain pages OFF on input line 4207.
Package hyperref Info: Backreferencing OFF on input line 4212.
Package hyperref Info: Implicit mode ON; LaTeX internals redefined.
Package hyperref Info: Bookmarks ON on input line 4445.
\c@Hy@tempcnt=\count331

(d:/texlive/2021/texmf-dist/tex/latex/url/url.sty
\Urlmuskip=\muskip17
Package: url 2013/09/16  ver 3.4  Verb mode for urls, etc.
)
LaTeX Info: Redefining \url on input line 4804.
\XeTeXLinkMargin=\dimen288

(d:/texlive/2021/texmf-dist/tex/generic/bitset/bitset.sty
Package: bitset 2019/12/09 v1.3 Handle bit-vector datatype (HO)

(d:/texlive/2021/texmf-dist/tex/generic/bigintcalc/bigintcalc.sty
Package: bigintcalc 2019/12/15 v1.5 Expandable calculations on big integers (HO
)
))
\Fld@menulength=\count332
\Field@Width=\dimen289
\Fld@charsize=\dimen290
Package hyperref Info: Hyper figures OFF on input line 6075.
Package hyperref Info: Link nesting OFF on input line 6080.
Package hyperref Info: Hyper index ON on input line 6083.
Package hyperref Info: backreferencing OFF on input line 6090.
Package hyperref Info: Link coloring ON on input line 6093.
Package hyperref Info: Link coloring with OCG OFF on input line 6100.
Package hyperref Info: PDF/A mode OFF on input line 6105.
LaTeX Info: Redefining \ref on input line 6145.
LaTeX Info: Redefining \pageref on input line 6149.

(d:/texlive/2021/texmf-dist/tex/latex/base/atbegshi-ltx.sty
Package: atbegshi-ltx 2020/08/17 v1.0a Emulation of the original atbegshi packa
ge
with kernel methods
)
\Hy@abspage=\count333
\c@Item=\count334
\c@Hfootnote=\count335
)
Package hyperref Info: Driver (autodetected): hluatex.

(d:/texlive/2021/texmf-dist/tex/latex/hyperref/hluatex.def
File: hluatex.def 2021-02-27 v7.00k Hyperref driver for luaTeX

(d:/texlive/2021/texmf-dist/tex/generic/stringenc/stringenc.sty
Package: stringenc 2019/11/29 v1.12 Convert strings between diff. encodings (HO
)
)
(d:/texlive/2021/texmf-dist/tex/latex/base/atveryend-ltx.sty
Package: atveryend-ltx 2020/08/19 v1.0a Emulation of the original atvery packag
e
with kernel methods
)
\Fld@listcount=\count336
\c@bookmark@seq@number=\count337

(d:/texlive/2021/texmf-dist/tex/latex/rerunfilecheck/rerunfilecheck.sty
Package: rerunfilecheck 2019/12/05 v1.9 Rerun checks for auxiliary files (HO)

(d:/texlive/2021/texmf-dist/tex/generic/uniquecounter/uniquecounter.sty
Package: uniquecounter 2019/12/15 v1.4 Provide unlimited unique counter (HO)
)
Package uniquecounter Info: New unique counter `rerunfilecheck' on input line 2
86.
)
\Hy@SectionHShift=\skip60
)
(d:/texlive/2021/texmf-dist/tex/latex/algorithms/algorithm.sty
Package: algorithm 2009/08/24 v0.1 Document Style `algorithm' - floating enviro
nment
\@float@every@algorithm=\toks51
\c@algorithm=\count338
)
(d:/texlive/2021/texmf-dist/tex/latex/algorithms/algorithmic.sty
Package: algorithmic 2009/08/24 v0.1 Document Style `algorithmic'
\c@ALC@unique=\count339
\c@ALC@line=\count340
\c@ALC@rem=\count341
\c@ALC@depth=\count342
\ALC@tlm=\skip61
\algorithmicindent=\skip62
)
(d:/texlive/2021/texmf-dist/tex/latex/subfigure/subfigure.sty
Package: subfigure 2002/03/15 v2.1.5 subfigure package
\subfigtopskip=\skip63
\subfigcapskip=\skip64
\subfigcaptopadj=\dimen291
\subfigbottomskip=\skip65
\subfigcapmargin=\dimen292
\subfiglabelskip=\skip66
\c@subfigure=\count343
\c@lofdepth=\count344
\c@subtable=\count345
\c@lotdepth=\count346

****************************************
* Local config file subfigure.cfg used *
****************************************
(d:/texlive/2021/texmf-dist/tex/latex/subfigure/subfigure.cfg)
\subfig@top=\skip67
\subfig@bottom=\skip68
)
(d:/texlive/2021/texmf-dist/tex/latex/amsfonts/amssymb.sty
Package: amssymb 2013/01/14 v3.01 AMS font symbols

(d:/texlive/2021/texmf-dist/tex/latex/amsfonts/amsfonts.sty
Package: amsfonts 2013/01/14 v3.01 Basic AMSFonts support
\symAMSa=\mathgroup5
\symAMSb=\mathgroup6
LaTeX Font Info:    Redeclaring math symbol \hbar on input line 98.
LaTeX Font Info:    Overwriting math alphabet `\mathfrak' in version `bold'
(Font)                  U/euf/m/n --> U/euf/b/n on input line 106.
))
(d:/texlive/2021/texmf-dist/tex/latex/bbold/bbold.sty
Package: bbold 1994/04/06 Bbold symbol package
LaTeX Font Info:    Redeclaring math alphabet \mathbb on input line 42.
)
(d:/texlive/2021/texmf-dist/tex/latex/pdfpages/pdfpages.sty
Package: pdfpages 2021/03/06 v0.5t Insert pages of external PDF documents (AM)

(d:/texlive/2021/texmf-dist/tex/latex/eso-pic/eso-pic.sty
Package: eso-pic 2020/10/14 v3.0a eso-pic (RN)
\ESO@tempdima=\dimen293
\ESO@tempdimb=\dimen294
)
\AM@pagewidth=\dimen295
\AM@pageheight=\dimen296
\AM@fboxrule=\dimen297

(d:/texlive/2021/texmf-dist/tex/latex/pdfpages/ppluatex.def
File: ppluatex.def 2021/03/06 v0.5t Pdfpages driver for LuaTeX (AM)
)
\pdfpages@includegraphics@status=\count347
\AM@pagebox=\box69
\AM@global@opts=\toks52
\AM@pagecnt=\count348
\AM@toc@title=\toks53
\c@AM@survey=\count349
\AM@templatesizebox=\box70
)
(d:/texlive/2021/texmf-dist/tex/latex/emoji/emoji.sty
Package: emoji 2020/06/27 v0.2.1 Emoji support in (Lua)LaTeX

(d:/texlive/2021/texmf-dist/tex/latex/emoji/emoji-table.def
File: emoji-table.def 2020/06/27 v0.2.1 Emojisupportin(Lua)LaTeX
))
(d:/texlive/2021/texmf-dist/tex/latex/tocbibind/tocbibind.sty
Package: tocbibind 2010/10/13 v1.5k extra ToC listings
Package tocbibind Info: The document has section divisions on input line 50.


Package tocbibind Note: Using section or other style headings.

)
Package hyperref Info: Option `colorlinks' set `true' on input line 46.
LaTeX Font Info:    Redeclaring symbol font `CJKmath' on input line 66.
LaTeX Font Info:    Overwriting symbol font `CJKmath' in version `normal'
(Font)                  LTJY3/song/m/n --> LTJY3/SimSun(0)/m/n on input line 66
.
LaTeX Font Info:    Overwriting symbol font `CJKmath' in version `bold'
(Font)                  LTJY3/song/b/n --> LTJY3/SimSun(0)/m/n on input line 66
.
LaTeX Font Info:    Overwriting symbol font `CJKmath' in version `bold'
(Font)                  LTJY3/SimSun(0)/m/n --> LTJY3/SimSun(0)/b/n on input li
ne 66.
 (./main.aux)
\openout1 = main.aux

LaTeX Font Info:    Checking defaults for OML/cmm/m/it on input line 66.
LaTeX Font Info:    ... okay on input line 66.
LaTeX Font Info:    Checking defaults for OMS/cmsy/m/n on input line 66.
LaTeX Font Info:    ... okay on input line 66.
LaTeX Font Info:    Checking defaults for OT1/cmr/m/n on input line 66.
LaTeX Font Info:    ... okay on input line 66.
LaTeX Font Info:    Checking defaults for T1/cmr/m/n on input line 66.
LaTeX Font Info:    ... okay on input line 66.
LaTeX Font Info:    Checking defaults for TS1/cmr/m/n on input line 66.
LaTeX Font Info:    ... okay on input line 66.
LaTeX Font Info:    Checking defaults for TU/lmr/m/n on input line 66.
LaTeX Font Info:    ... okay on input line 66.
LaTeX Font Info:    Checking defaults for OMX/cmex/m/n on input line 66.
LaTeX Font Info:    ... okay on input line 66.
LaTeX Font Info:    Checking defaults for U/cmr/m/n on input line 66.
LaTeX Font Info:    ... okay on input line 66.
LaTeX Font Info:    Checking defaults for LTJY3/song/m/n on input line 66.
LaTeX Font Info:    ... okay on input line 66.
LaTeX Font Info:    Checking defaults for PD1/pdf/m/n on input line 66.
LaTeX Font Info:    ... okay on input line 66.
LaTeX Font Info:    Checking defaults for PU/pdf/m/n on input line 66.
LaTeX Font Info:    ... okay on input line 66.

*geometry* driver: auto-detecting
*geometry* detected driver: luatex
*geometry* verbose mode - [ preamble ] result:
* driver: luatex
* paper: a4paper
* layout: <same size as paper>
* layoutoffset:(h,v)=(0.0pt,0.0pt)
* modes: 
* h-part:(L,W,R)=(42.67912pt, 512.14963pt, 42.67912pt)
* v-part:(T,H,B)=(56.9055pt, 717.00946pt, 71.13188pt)
* \paperwidth=597.50787pt
* \paperheight=845.04684pt
* \textwidth=512.14963pt
* \textheight=717.00946pt
* \oddsidemargin=-29.59087pt
* \evensidemargin=-29.59087pt
* \topmargin=-52.36449pt
* \headheight=12.0pt
* \headsep=25.0pt
* \topskip=10.0pt
* \footskip=30.0pt
* \marginparwidth=49.79231pt
* \marginparsep=11.0pt
* \columnsep=10.0pt
* \skip\footins=9.0pt plus 4.0pt minus 2.0pt
* \hoffset=0.0pt
* \voffset=0.0pt
* \mag=1000
* \@twocolumnfalse
* \@twosidefalse
* \@mparswitchfalse
* \@reversemarginfalse
* (1in=72.27pt=25.4mm, 1cm=28.453pt)

ABD: EverySelectfont initializing macros
LaTeX Info: Redefining \selectfont on input line 66.

Package fontspec Info: Adjusting the maths setup (use [no-math] to avoid
(fontspec)             this).

\symlegacymaths=\mathgroup7
LaTeX Font Info:    Overwriting symbol font `legacymaths' in version `bold'
(Font)                  OT1/cmr/m/n --> OT1/cmr/bx/n on input line 66.
LaTeX Font Info:    Redeclaring math accent \acute on input line 66.
LaTeX Font Info:    Redeclaring math accent \grave on input line 66.
LaTeX Font Info:    Redeclaring math accent \ddot on input line 66.
LaTeX Font Info:    Redeclaring math accent \tilde on input line 66.
LaTeX Font Info:    Redeclaring math accent \bar on input line 66.
LaTeX Font Info:    Redeclaring math accent \breve on input line 66.
LaTeX Font Info:    Redeclaring math accent \check on input line 66.
LaTeX Font Info:    Redeclaring math accent \hat on input line 66.
LaTeX Font Info:    Redeclaring math accent \dot on input line 66.
LaTeX Font Info:    Redeclaring math accent \mathring on input line 66.
LaTeX Font Info:    Redeclaring math symbol \Gamma on input line 66.
LaTeX Font Info:    Redeclaring math symbol \Delta on input line 66.
LaTeX Font Info:    Redeclaring math symbol \Theta on input line 66.
LaTeX Font Info:    Redeclaring math symbol \Lambda on input line 66.
LaTeX Font Info:    Redeclaring math symbol \Xi on input line 66.
LaTeX Font Info:    Redeclaring math symbol \Pi on input line 66.
LaTeX Font Info:    Redeclaring math symbol \Sigma on input line 66.
LaTeX Font Info:    Redeclaring math symbol \Upsilon on input line 66.
LaTeX Font Info:    Redeclaring math symbol \Phi on input line 66.
LaTeX Font Info:    Redeclaring math symbol \Psi on input line 66.
LaTeX Font Info:    Redeclaring math symbol \Omega on input line 66.
LaTeX Font Info:    Redeclaring math symbol \mathdollar on input line 66.
LaTeX Font Info:    Redeclaring symbol font `operators' on input line 66.
LaTeX Font Info:    Encoding `OT1' has changed to `TU' for symbol font
(Font)              `operators' in the math version `normal' on input line 66.
LaTeX Font Info:    Overwriting symbol font `operators' in version `normal'
(Font)                  OT1/cmr/m/n --> TU/lmr/m/n on input line 66.
LaTeX Font Info:    Encoding `OT1' has changed to `TU' for symbol font
(Font)              `operators' in the math version `bold' on input line 66.
LaTeX Font Info:    Overwriting symbol font `operators' in version `bold'
(Font)                  OT1/cmr/bx/n --> TU/lmr/m/n on input line 66.
LaTeX Font Info:    Overwriting symbol font `operators' in version `normal'
(Font)                  TU/lmr/m/n --> TU/lmr/m/n on input line 66.
LaTeX Font Info:    Overwriting math alphabet `\mathit' in version `normal'
(Font)                  OT1/cmr/m/it --> TU/lmr/m/it on input line 66.
LaTeX Font Info:    Overwriting math alphabet `\mathbf' in version `normal'
(Font)                  OT1/cmr/bx/n --> TU/lmr/b/n on input line 66.
LaTeX Font Info:    Overwriting math alphabet `\mathsf' in version `normal'
(Font)                  OT1/cmss/m/n --> TU/lmss/m/n on input line 66.
LaTeX Font Info:    Overwriting math alphabet `\mathtt' in version `normal'
(Font)                  OT1/cmtt/m/n --> TU/lmtt/m/n on input line 66.
LaTeX Font Info:    Overwriting symbol font `operators' in version `bold'
(Font)                  TU/lmr/m/n --> TU/lmr/b/n on input line 66.
LaTeX Font Info:    Overwriting math alphabet `\mathit' in version `bold'
(Font)                  OT1/cmr/bx/it --> TU/lmr/b/it on input line 66.
LaTeX Font Info:    Overwriting math alphabet `\mathsf' in version `bold'
(Font)                  OT1/cmss/bx/n --> TU/lmss/b/n on input line 66.
LaTeX Font Info:    Overwriting math alphabet `\mathtt' in version `bold'
(Font)                  OT1/cmtt/m/n --> TU/lmtt/b/n on input line 66.
\c@lstlisting=\count350

(d:/texlive/2021/texmf-dist/tex/context/base/mkii/supp-pdf.mkii
[Loading MPS to PDF converter (version 2006.09.02).]
\scratchcounter=\count351
\scratchdimen=\dimen298
\scratchbox=\box71
\nofMPsegments=\count352
\nofMParguments=\count353
\everyMPshowfont=\toks54
\MPscratchCnt=\count354
\MPscratchDim=\dimen299
\MPnumerator=\count355
\makeMPintoPDFobject=\count356
\everyMPtoPDFconversion=\toks55
) (d:/texlive/2021/texmf-dist/tex/latex/epstopdf-pkg/epstopdf-base.sty
Package: epstopdf-base 2020-01-24 v2.11 Base part for package epstopdf

(d:/texlive/2021/texmf-dist/tex/latex/grfext/grfext.sty
Package: grfext 2019/12/03 v1.3 Manage graphics extensions (HO)
)
Package epstopdf-base Info: Redefining graphics rule for `.eps' on input line 4
85.
Package grfext Info: Graphics extension search list:
(grfext)             [.pdf,.png,.jpg,.mps,.jpeg,.jbig2,.jb2,.PDF,.PNG,.JPG,.JPE
G,.JBIG2,.JB2,.eps]
(grfext)             \AppendGraphicsExtensions on input line 504.

(d:/texlive/2021/texmf-dist/tex/latex/latexconfig/epstopdf-sys.cfg
File: epstopdf-sys.cfg 2010/07/13 v1.3 Configuration of (r)epstopdf for TeX Liv
e
))

Package todonotes Warning: The length marginparwidth is less than 2cm and will 
most likely cause issues with the appearance of inserted todonotes. The issue c
an be solved by adding a line like \setlength {\marginparwidth }{2cm} prior to 
loading the todonotes package. on input line 66.

Package hyperref Info: Link coloring ON on input line 66.
(d:/texlive/2021/texmf-dist/tex/latex/hyperref/nameref.sty
Package: nameref 2021-04-02 v2.47 Cross-referencing by name of section

(d:/texlive/2021/texmf-dist/tex/latex/refcount/refcount.sty
Package: refcount 2019/12/15 v3.6 Data extraction from label references (HO)
)
(d:/texlive/2021/texmf-dist/tex/generic/gettitlestring/gettitlestring.sty
Package: gettitlestring 2019/12/15 v1.6 Cleanup title references (HO)
)
\c@section@level=\count357
)
LaTeX Info: Redefining \ref on input line 66.
LaTeX Info: Redefining \pageref on input line 66.
LaTeX Info: Redefining \nameref on input line 66.

(./main.out) (./main.out)
\@outlinefile=\write5

\openout5 = main.out

(d:/texlive/2021/texmf-dist/tex/latex/pdflscape/pdflscape.sty
Package: pdflscape 2019/12/05 v0.12 Display of landscape pages in PDF (HO)

(d:/texlive/2021/texmf-dist/tex/latex/graphics/lscape.sty
Package: lscape 2020/05/28 v3.02 Landscape Pages (DPC)
)
Package pdflscape Info: Auto-detected driver: pdftex on input line 81.
)(load cache: extra_segoeuiemoji.luc)

Package fontspec Info: Font family 'SegoeUIEmoji(0)' created for font 'Segoe
(fontspec)             UI Emoji' with options
(fontspec)             [BoldFont={},ItalicFont={},SmallCapsFont={},Renderer=Har
fBuzz].
(fontspec)              
(fontspec)              This font family consists of the following NFSS
(fontspec)             series/shapes:
(fontspec)              
(fontspec)             - 'normal' (m/n) with NFSS spec.:
(fontspec)             <->"SegoeUIEmoji:mode=harf;script=latn;language=dflt;"
(fontspec)             - 'small caps'  (m/sc) with NFSS spec.: 

 (./setup/mycmd.tex)(load cache: extra_lmroman17-regular.luc)(load cache: extra_
lmroman12-regular.luc)(load cache: extra_lmroman6-regular.luc)
LaTeX Font Info:    Trying to load font information for U+msa on input line 69.

(d:/texlive/2021/texmf-dist/tex/latex/amsfonts/umsa.fd
File: umsa.fd 2013/01/14 v3.01 AMS symbols A
)
LaTeX Font Info:    Trying to load font information for U+msb on input line 69.


(d:/texlive/2021/texmf-dist/tex/latex/amsfonts/umsb.fd
File: umsb.fd 2013/01/14 v3.01 AMS symbols B
)(load cache: extra_lmroman12-bold.luc)
LaTeX Font Info:    Font shape `LTJY3/SimSun(0)/bx/n' in size <15.05624> not av
ailable
(Font)              Font shape `LTJY3/SimSun(0)/b/n' tried instead on input lin
e 71.
 (./main.toc
LaTeX Font Info:    Font shape `LTJY3/SimSun(0)/bx/n' in size <10.53937> not av
ailable
(Font)              Font shape `LTJY3/SimSun(0)/b/n' tried instead on input lin
e 2.
(load cache: extra_lmroman7-regular.luc)(load cache: extra_lmroman5-regular.luc)
 [1

{d:/texlive/2021/texmf-var/fonts/map/pdftex/updmap/pdftex.map}] [2])
\tf@toc=\write6

\openout6 = main.toc
 (./main.lof
[3])
\tf@lof=\write7

\openout7 = main.lof
 [4] (./chapters/surveys.tex
LaTeX Font Info:    Font shape `LTJY3/SimSun(0)/bx/n' in size <12.045> not avai
lable
(Font)              Font shape `LTJY3/SimSun(0)/b/n' tried instead on input lin
e 1.
 (./notes/survey_on_gnn.tex
Overfull \hbox (19.79129pt too wide) in paragraph at lines 3--20
 [] 
 []

(load cache: extra_lmromandemi10-regular.luc)
<pics/recgnns_convgnns.png, id=585, 498.663pt x 289.68225pt>
File: pics/recgnns_convgnns.png Graphic file (type png)
<use pics/recgnns_convgnns.png>
Package luatex.def Info: pics/recgnns_convgnns.png  used on input line 39.
(luatex.def)             Requested size: 409.72125pt x 238.01393pt.

LaTeX Warning: `h' float specifier changed to `ht'.

(load cache: extra_lmroman10-italic.luc)
luaotfload | aux : font no 111 (nil) does not define feature vert for script dfl
t with language dflt
luaotfload | aux : font no 111 (nil) does not define feature vrt2 for script dfl
t with language dflt
! Undefined control sequence.
<recently read> \mathscr 
         
l.46 ...xtit{graph Fourier transform}$\mathscr
                                                  {F}(\mathbf{x})=\mathbf{U}...
The control sequence at the end of the top line
of your error message was never \def'ed. If you have
misspelled it (e.g., `\hobx'), type `I' and the correct
spelling (e.g., `I\hbox'). Otherwise just continue,
and I'll forget about whatever was undefined.

! Undefined control sequence.
l.49 	\mathbf{x} *_{G} \mathbf{g} &=\mathscr
                                          {F}^{-1}(\mathscr{F}(\mathbf{x}) \...
The control sequence at the end of the top line
of your error message was never \def'ed. If you have
misspelled it (e.g., `\hobx'), type `I' and the correct
spelling (e.g., `I\hbox'). Otherwise just continue,
and I'll forget about whatever was undefined.

! Undefined control sequence.
l.49 ...*_{G} \mathbf{g} &=\mathscr{F}^{-1}(\mathscr
                                                  {F}(\mathbf{x}) \odot \mat...
The control sequence at the end of the top line
of your error message was never \def'ed. If you have
misspelled it (e.g., `\hobx'), type `I' and the correct
spelling (e.g., `I\hbox'). Otherwise just continue,
and I'll forget about whatever was undefined.

! Undefined control sequence.
l.49 ...^{-1}(\mathscr{F}(\mathbf{x}) \odot \mathscr
                                                  {F}(\mathbf{g})) \\
The control sequence at the end of the top line
of your error message was never \def'ed. If you have
misspelled it (e.g., `\hobx'), type `I' and the correct
spelling (e.g., `I\hbox'). Otherwise just continue,
and I'll forget about whatever was undefined.

[5


]
<pics/gcn_gat.png, id=612, 415.5525pt x 275.22826pt>
File: pics/gcn_gat.png Graphic file (type png)
<use pics/gcn_gat.png>
Package luatex.def Info: pics/gcn_gat.png  used on input line 67.
(luatex.def)             Requested size: 409.72125pt x 271.37651pt.


LaTeX Warning: `h' float specifier changed to `ht'.

<pics/gaes.png, id=614, 687.7695pt x 268.6035pt>
File: pics/gaes.png Graphic file (type png)
<use pics/gaes.png>
Package luatex.def Info: pics/gaes.png  used on input line 78.
(luatex.def)             Requested size: 409.72125pt x 160.01575pt.

LaTeX Warning: `h' float specifier changed to `ht'.

[6<./pics/recgnns_convgnns.png>]
<pics/benchmark_datasets.png, id=625, 511.9125pt x 298.11375pt>
File: pics/benchmark_datasets.png Graphic file (type png)
<use pics/benchmark_datasets.png>
Package luatex.def Info: pics/benchmark_datasets.png  used on input line 115.
(luatex.def)             Requested size: 409.72125pt x 238.6005pt.


LaTeX Warning: `h' float specifier changed to `ht'.

[7<./pics/gcn_gat.png>] [8<./pics/gaes.png><./pics/benchmark_datasets.png>])
(./notes/spg.tex
Overfull \hbox (19.79129pt too wide) in paragraph at lines 3--20
 [] 
 []

LaTeX Font Info:    Trying to load font information for U+bbold on input line 2
9.
(d:/texlive/2021/texmf-dist/tex/latex/bbold/Ubbold.fd)

LaTeX Font Warning: Font shape `U/bbold/m/n' in size <10.53937> not available
(Font)              size <10.95> substituted on input line 29.

) (./notes/representation-learning.tex
Overfull \hbox (19.79129pt too wide) in paragraph at lines 3--20
 [] 
 []

[9] [10])) [11] (./chapters/dl-ml-theory.tex (./notes/AEVB.tex
Overfull \hbox (19.79129pt too wide) in paragraph at lines 3--19
 [] 
 []

<pics/AEVB.PNG, id=693, 258.36525pt x 257.16075pt>
File: pics/AEVB.PNG Graphic file (type png)
<use pics/AEVB.PNG>
Package luatex.def Info: pics/AEVB.PNG  used on input line 30.
(luatex.def)             Requested size: 92.18318pt x 91.75375pt.

! LaTeX Error: Environment equatiopn undefined.

See the LaTeX manual or LaTeX Companion for explanation.
Type  H <return>  for immediate help.
 ...                                              
                                                  
l.39 \begin{equatiopn}
                    %\nonumber
Your command was ignored.
Type  I <command> <return>  to replace it with another command,
or  <return>  to continue without it.


! LaTeX Error: \begin{document} ended by \end{equatiopn}.

See the LaTeX manual or LaTeX Companion for explanation.
Type  H <return>  for immediate help.
 ...                                              
                                                  
l.47 \end{equatiopn}
                  
Your command was ignored.
Type  I <command> <return>  to replace it with another command,
or  <return>  to continue without it.

[12

<./pics/AEVB.PNG>]
<pics/vae_rp.png, id=706, 867.24pt x 435.42674pt>
File: pics/vae_rp.png Graphic file (type png)
<use pics/vae_rp.png>
Package luatex.def Info: pics/vae_rp.png  used on input line 75.
(luatex.def)             Requested size: 409.72125pt x 205.71364pt.
 [13<./pics/vae_rp.png>]) (./notes/AAE.tex
Overfull \hbox (19.79129pt too wide) in paragraph at lines 3--19
 [] 
 []

<pics/aae.PNG, id=718, 413.74574pt x 202.356pt>
File: pics/aae.PNG Graphic file (type png)
<use pics/aae.PNG>
Package luatex.def Info: pics/aae.PNG  used on input line 26.
(luatex.def)             Requested size: 409.72125pt x 200.39789pt.
[14<./pics/aae.PNG>]) (./notes/Transformer.tex
Overfull \hbox (19.79129pt too wide) in paragraph at lines 3--20
 [] 
 []

[15]
<pics/Transformer.PNG, id=739, 334.851pt x 487.22025pt>
File: pics/Transformer.PNG Graphic file (type png)
<use pics/Transformer.PNG>
Package luatex.def Info: pics/Transformer.PNG  used on input line 35.
(luatex.def)             Requested size: 256.07481pt x 372.60332pt.


LaTeX Warning: `h' float specifier changed to `ht'.

<pics/Scaled Dot-Production Attention and Multi-Head Attention.PNG, id=741, 489
.027pt x 256.5585pt>
File: pics/Scaled Dot-Production Attention and Multi-Head Attention.PNG Graphic
 file (type png)
<use pics/Scaled Dot-Production Attention and Multi-Head Attention.PNG>
Package luatex.def Info: pics/Scaled Dot-Production Attention and Multi-Head At
tention.PNG  used on input line 50.
(luatex.def)             Requested size: 409.72125pt x 214.96352pt.

LaTeX Warning: `h' float specifier changed to `ht'.

[16] [17<./pics/Transformer.png>]
<pics/CNN-Attention-Multi head.png, id=763, 651.6345pt x 95.75775pt>
File: pics/CNN-Attention-Multi head.png Graphic file (type png)
<use pics/CNN-Attention-Multi head.png>
Package luatex.def Info: pics/CNN-Attention-Multi head.png  used on input line 
105.
(luatex.def)             Requested size: 409.72125pt x 60.20787pt.


LaTeX Warning: `h' float specifier changed to `ht'.

[18<./pics/Scaled Dot-Production Attention and Multi-Head Attention.png>])
(./notes/ResNet.tex
Overfull \hbox (19.79129pt too wide) in paragraph at lines 3--20
 [] 
 []

<pics/degradation.png, id=777, 710.655pt x 233.07076pt>
File: pics/degradation.png Graphic file (type png)
<use pics/degradation.png>
Package luatex.def Info: pics/degradation.png  used on input line 29.
(luatex.def)             Requested size: 256.07481pt x 83.98364pt.
<pics/residual.png, id=778, 538.4115pt x 298.716pt>
File: pics/residual.png Graphic file (type png)
<use pics/residual.png>
Package luatex.def Info: pics/residual.png  used on input line 40.
(luatex.def)             Requested size: 204.85672pt x 113.65454pt.

LaTeX Warning: `h' float specifier changed to `ht'.

[19<./pics/CNN-Attention-Multi head.png><./pics/degradation.png>])) [20<./pics/r
esidual.png>] (./chapters/gnn-theory.tex (./notes/VGAE.tex
<pics/VGAE.PNG, id=803, 111.74521pt x 199.8053pt>
File: pics/VGAE.PNG Graphic file (type png)
<use pics/VGAE.PNG>
Package luatex.def Info: pics/VGAE.PNG  used on input line 25.
(luatex.def)             Requested size: 66.58194pt x 119.05177pt.
)
(./notes/rethinking.tex
Overfull \hbox (19.79129pt too wide) in paragraph at lines 3--20
 [] 
 []

[21

<./pics/VGAE.PNG>]) (./notes/fastgcn.tex
Overfull \hbox (19.79129pt too wide) in paragraph at lines 3--20
 [] 
 []

[22]) (./notes/CG3.tex
Overfull \hbox (19.79129pt too wide) in paragraph at lines 3--20
 [] 
 []

<pics/CG3.png, id=840, 813.63976pt x 286.671pt>
File: pics/CG3.png Graphic file (type png)
<use pics/CG3.png>
Package luatex.def Info: pics/CG3.png  used on input line 31.
(luatex.def)             Requested size: 409.72125pt x 144.3587pt.

LaTeX Warning: `h' float specifier changed to `ht'.

[23] [24<./pics/CG3.png>]) (./notes/powerful-gnns.tex
Overfull \hbox (1.1845pt too wide) in paragraph at lines 27--30
|\LTJY3/SimSun(0)/m/n/10.53937  | | | | | | | | [] |
\LTJY3/SimSun(0)/bx/n/10.53937  | | \TU/lmr/bx/n/10.53937 GNN |\LTJY3/
SimSun(0)/bx/n/10.53937  | | | | | | | | |\TU/lmr
/bx/n/10.53937 /|\LTJY3/SimSun(0)/bx/n/10.53937  [] | | | | |
 | |\TU/lmr/bx/n/10.53937 /|\LTJY3/SimSun(0)/bx/n/10.53937  | |
 | | | | | \TU/lmr/bx/n/10.53937 embeddin[]
 []

<pics/mean-max.png, id=863, 489.4926pt x 162.75932pt>
File: pics/mean-max.png Graphic file (type png)
<use pics/mean-max.png>
Package luatex.def Info: pics/mean-max.png  used on input line 33.
(luatex.def)             Requested size: 512.14963pt x 170.31123pt.

LaTeX Warning: `h' float specifier changed to `ht'.

[25] [26<./pics/mean-max.png>]) (./notes/SEED.tex
Overfull \hbox (19.79129pt too wide) in paragraph at lines 3--15
 [] 
 []

<pics/SEED.png, id=886, 793.7655pt x 169.23225pt>
File: pics/SEED.png Graphic file (type png)
<use pics/SEED.png>
Package luatex.def Info: pics/SEED.png  used on input line 25.
(luatex.def)             Requested size: 409.72125pt x 87.35312pt.
<pics/WEAVE.png, id=888, 627.5445pt x 119.84775pt>
File: pics/WEAVE.png Graphic file (type png)
<use pics/WEAVE.png>
Package luatex.def Info: pics/WEAVE.png  used on input line 34.
(luatex.def)             Requested size: 409.72125pt x 78.24939pt.
[27<./pics/SEED.png><./pics/WEAVE.png>]) (./notes/DeepGCN.tex
Overfull \hbox (19.79129pt too wide) in paragraph at lines 3--20
 [] 
 []

[28]
<pics/Training-deep-GCNs.png, id=914, 715.473pt x 301.125pt>
File: pics/Training-deep-GCNs.png Graphic file (type png)
<use pics/Training-deep-GCNs.png>
Package luatex.def Info: pics/Training-deep-GCNs.png  used on input line 34.
(luatex.def)             Requested size: 409.72125pt x 172.43793pt.
 [29<./pics/Training-deep-GCNs.png>]

LaTeX Warning: Reference `fig:dilated_convolution_in_gcns' on page 30 undefined
 on input line 67.

<pics/Dilated-Convolution-in-GCNs.png, id=926, 293.898pt x 178.86826pt>
File: pics/Dilated-Convolution-in-GCNs.png Graphic file (type png)
<use pics/Dilated-Convolution-in-GCNs.png>
Package luatex.def Info: pics/Dilated-Convolution-in-GCNs.png  used on input li
ne 71.
(luatex.def)             Requested size: 307.2929pt x 187.03389pt.

LaTeX Warning: Reference `fig:deepgcn' on page 30 undefined on input line 76.

<pics/DeepGCN.png, id=927, 870.25125pt x 246.9225pt>
File: pics/DeepGCN.png Graphic file (type png)
<use pics/DeepGCN.png>
Package luatex.def Info: pics/DeepGCN.png  used on input line 79.
(luatex.def)             Requested size: 435.3303pt x 123.52121pt.
[30<./pics/Dilated-Convolution-in-GCNs.png><./pics/DeepGCN.png>])
(./notes/GGS-NN.tex
Overfull \hbox (10.26949pt too wide) in paragraph at lines 16--17
[]|\LTJY3/SimSun(0)/m/n/10.53937  | | | | | | | | |
 | | | | | | | | | | | \TU/lmr/m/n/10.53937
 GG-NNs(Gated Graph Neu-ral Net-works) |\LTJY3/SimSun(0)/m/n/10.53937  \TU/l
mr/m/n/10.53937 GGS-NNs(Gated
 []

<pics/LSTM.jpg, id=941, 1083.04625pt x 805.0075pt>
File: pics/LSTM.jpg Graphic file (type jpg)
<use pics/LSTM.jpg>
Package luatex.def Info: pics/LSTM.jpg  used on input line 22.
(luatex.def)             Requested size: 291.92903pt x 216.98643pt.
<pics/GRU.jpg, id=942, 1102.1175pt x 1029.8475pt>
File: pics/GRU.jpg Graphic file (type jpg)
<use pics/GRU.jpg>
Package luatex.def Info: pics/GRU.jpg  used on input line 26.
(luatex.def)             Requested size: 204.85672pt x 191.4145pt.

LaTeX Warning: `h' float specifier changed to `ht'.

<pics/ggnn.png, id=943, 617.63521pt x 348.59647pt>
File: pics/ggnn.png Graphic file (type png)
<use pics/ggnn.png>
Package luatex.def Info: pics/ggnn.png  used on input line 34.
(luatex.def)             Requested size: 338.02061pt x 190.78183pt.

LaTeX Warning: `h' float specifier changed to `ht'.

<pics/GGS-NN.png, id=945, 651.64462pt x 235.02933pt>
File: pics/GGS-NN.png Graphic file (type png)
<use pics/GGS-NN.png>
Package luatex.def Info: pics/GGS-NN.png  used on input line 43.
(luatex.def)             Requested size: 307.2929pt x 110.83316pt.

LaTeX Warning: `h' float specifier changed to `ht'.

[31]) (./notes/GNN_bottleneck.tex
Overfull \hbox (19.79129pt too wide) in paragraph at lines 3--20
 [] 
 []

<pics/bottleneck.png, id=965, 557.08125pt x 166.82326pt>
File: pics/bottleneck.png Graphic file (type png)
<use pics/bottleneck.png>
Package luatex.def Info: pics/bottleneck.png  used on input line 28.
(luatex.def)             Requested size: 460.93153pt x 138.03307pt.

LaTeX Warning: `h' float specifier changed to `ht'.

[32<./pics/LSTM.jpg><./pics/GRU.jpg>]) (./notes/DIFFPOOL.tex [33<./pics/ggnn.png
><./pics/GGS-NN.png>]
<pics/DIFFPOOL.PNG, id=989, 989.3095pt x 273.89723pt>
File: pics/DIFFPOOL.PNG Graphic file (type png)
<use pics/DIFFPOOL.PNG>
Package luatex.def Info: pics/DIFFPOOL.PNG  used on input line 25.
(luatex.def)             Requested size: 409.72125pt x 113.43536pt.
 [34<./pics/bottleneck.png><./pics/DIFFPOOL.PNG>])
(./notes/graphsaint.tex) (./notes/expgnn.tex)) [35]
(./chapters/gnn-application.tex (./notes/graphrnn.tex
Overfull \hbox (1.47926pt too wide) in paragraph at lines 18--22
|\LTJY3/SimSun(0)/m/n/10.53937  | | | | | | | | |
 | | | | | [] | \TU/lmr/m/n/10.53937 VAE(variational au-toe
n-coders), GAN(gen-er-a-tive ad-ver-sar-ial net-works)[[],
 []


! LaTeX Error: Something's wrong--perhaps a missing \item.

See the LaTeX manual or LaTeX Companion for explanation.
Type  H <return>  for immediate help.
 ...                                              
                                                  
l.58     \end{algorithmic}
                        
Try typing  <return>  to proceed.
If that doesn't work, type  X <return>  to quit.

Package hyperref Info: bookmark level for unknown algorithm defaults to 0 on in
put line 59.
[36

]
<pics/GrpahRNN.png, id=1031, 453.66125pt x 311.5505pt>
File: pics/GrpahRNN.png Graphic file (type png)
<use pics/GrpahRNN.png>
Package luatex.def Info: pics/GrpahRNN.png  used on input line 67.
(luatex.def)             Requested size: 409.72125pt x 281.3769pt.
 [37<./pics/GrpahRNN.png>]) (./notes/C_S.tex
Overfull \hbox (19.79129pt too wide) in paragraph at lines 3--20
 [] 
 []

<pics/C&S.png, id=1041, 630.55576pt x 324.0105pt>
File: pics/C&S.png Graphic file (type png)
<use pics/C&S.png>
Package luatex.def Info: pics/C&S.png  used on input line 38.
(luatex.def)             Requested size: 409.72125pt x 210.54005pt.
[38] [39<./pics/C&S.png>]) (./notes/Graph2NN.tex [40]) (./notes/GCPN.tex
<pics/GCPN.PNG, id=1077, 1072.005pt x 283.0575pt>
File: pics/GCPN.PNG Graphic file (type png)
<use pics/GCPN.PNG>
Package luatex.def Info: pics/GCPN.PNG  used on input line 25.
(luatex.def)             Requested size: 425.08511pt x 112.24054pt.

[41<./pics/GCPN.PNG>]) (./notes/DGP.tex
Overfull \hbox (19.79129pt too wide) in paragraph at lines 3--18
 [] 
 []

[42] [43]
Overfull \hbox (24.00229pt too wide) in paragraph at lines 80--81
\TU/lmr/m/n/10.53937 DGP[] task-specific graph |\LTJY3/SimSun(0)/m/n/10.53937 
 | | | | [] \TU/lmr/m/n/10.53937 acous-tic model[] |\LTJY3/SimSu
n(0)/m/n/10.53937  | | | | | \TU/lmr/m/n/10.53937 [[]][] |\LT
JY3/SimSun(0)/m/n/10.53937  | | | | \TU/lmr/m/n/10.53937 ev-i-den
ce lower bound(ELBO)[] 
 []

<pics/dgp.PNG, id=1112, 607.068pt x 436.63126pt>
File: pics/dgp.PNG Graphic file (type png)
<use pics/dgp.PNG>
Package luatex.def Info: pics/dgp.PNG  used on input line 100.
(luatex.def)             Requested size: 409.72125pt x 294.68672pt.

LaTeX Warning: `h' float specifier changed to `ht'.

) (./notes/denotationgraph.tex [44
warning  (pdf backend): ignoring duplicate destination with the name 'equation.4
.2'
]
<pics/DG.png, id=1125, 559.33336pt x 295.76042pt>
File: pics/DG.png Graphic file (type png)
<use pics/DG.png>
Package luatex.def Info: pics/DG.png  used on input line 13.
(luatex.def)             Requested size: 409.72125pt x 216.65697pt.
)

LaTeX Warning: `h' float specifier changed to `ht'.

(./notes/hybrid-gnn.tex
Overfull \hbox (19.79129pt too wide) in paragraph at lines 2--18
 [] 
 []

[45<./pics/dgp.PNG>]
<pics/HGNN.png, id=1140, 563.10374pt x 217.41225pt>
File: pics/HGNN.png Graphic file (type png)
<use pics/HGNN.png>
Package luatex.def Info: pics/HGNN.png  used on input line 22.
(luatex.def)             Requested size: 409.72125pt x 158.19208pt.
<pics/CPG.png, id=1143, 899.7615pt x 182.48175pt>
File: pics/CPG.png Graphic file (type png)
<use pics/CPG.png>
Package luatex.def Info: pics/CPG.png  used on input line 31.
(luatex.def)             Requested size: 409.72125pt x 83.09615pt.
 [46<./pics/DG.png><./pics/HGNN.png>])) [47<./pics/CPG.png>] (./chapters/graph-
similarity.tex (./notes/graph2vec.tex) (./notes/GSimCNN.tex
<pics/GSimCNN.PNG, id=1161, 705.6953pt x 225.91966pt>
File: pics/GSimCNN.PNG Graphic file (type png)
<use pics/GSimCNN.PNG>
Package luatex.def Info: pics/GSimCNN.PNG  used on input line 17.
(luatex.def)             Requested size: 409.72125pt x 131.16792pt.

LaTeX Warning: `h' float specifier changed to `ht'.

[48

]
<pics/sim1.PNG, id=1174, 798.00656pt x 280.57765pt>
File: pics/sim1.PNG Graphic file (type png)
<use pics/sim1.PNG>
Package luatex.def Info: pics/sim1.PNG  used on input line 52.
(luatex.def)             Requested size: 413.56245pt x 145.40457pt.
<pics/sim2.PNG, id=1175, 763.99715pt x 284.22151pt>
File: pics/sim2.PNG Graphic file (type png)
<use pics/sim2.PNG>
Package luatex.def Info: pics/sim2.PNG  used on input line 52.
(luatex.def)             Requested size: 413.56245pt x 153.85463pt.


LaTeX Warning: `h' float specifier changed to `ht'.

) (./notes/SimGNN.tex [49<./pics/GSimCNN.PNG>]
<pics/SimGNN.PNG, id=1190, 1023.31891pt x 391.71555pt>
File: pics/SimGNN.PNG Graphic file (type png)
<use pics/SimGNN.PNG>
Package luatex.def Info: pics/SimGNN.PNG  used on input line 18.
(luatex.def)             Requested size: 409.72125pt x 156.83286pt.


LaTeX Warning: `h' float specifier changed to `ht'.

[50<./pics/sim1.PNG><./pics/sim2.PNG>] [51<./pics/SimGNN.PNG>])
(./notes/UGraphEmb.tex
<pics/UGraphEmb.png, id=1222, 719.0865pt x 289.08pt>
File: pics/UGraphEmb.png Graphic file (type png)
<use pics/UGraphEmb.png>
Package luatex.def Info: pics/UGraphEmb.png  used on input line 16.
(luatex.def)             Requested size: 358.50317pt x 144.125pt.
 [52<./pics/UGraphEmb.PNG>]) (./notes/G2G.tex
<pics/G2G.png, id=1234, 940.72462pt x 303.65546pt>
File: pics/G2G.png Graphic file (type png)
<use pics/G2G.png>
Package luatex.def Info: pics/G2G.png  used on input line 25.
(luatex.def)             Requested size: 409.72125pt x 132.25122pt.
 [53<./pics/G2G.PNG>]) (./notes/DGS.tex
<pics/taxonomy_dgs.PNG, id=1251, 462.77092pt x 244.7463pt>
File: pics/taxonomy_dgs.PNG Graphic file (type png)
<use pics/taxonomy_dgs.PNG>
Package luatex.def Info: pics/taxonomy_dgs.PNG  used on input line 27.
(luatex.def)             Requested size: 384.11221pt x 203.15431pt.


LaTeX Warning: `h' float specifier changed to `ht'.

[54]) (./notes/COSIMGNN.tex [55<./pics/taxonomy_dgs.PNG>]
<pics/COSIM.PNG, id=1271, 1018.46042pt x 362.56462pt>
File: pics/COSIM.PNG Graphic file (type png)
<use pics/COSIM.PNG>
Package luatex.def Info: pics/COSIM.PNG  used on input line 25.
(luatex.def)             Requested size: 409.72125pt x 145.85864pt.
 [56<./pics/COSIM.PNG>]) (./notes/deepgraphkernels.tex
Overfull \hbox (19.79129pt too wide) in paragraph at lines 3--19
 [] 
 []

[57])) [58] (./chapters/dynamic-graph.tex ("./notes/dynamic graphs/evolvegcn.te
x"
Overfull \hbox (19.79129pt too wide) in paragraph at lines 3--19
 [] 
 []

<pics/EvolveGCN.png, id=1304, 507.0945pt x 233.07076pt>
File: pics/EvolveGCN.png Graphic file (type png)
<use pics/EvolveGCN.png>
Package luatex.def Info: pics/EvolveGCN.png  used on input line 29.
(luatex.def)             Requested size: 409.72125pt x 188.32394pt.
[59

<./pics/EvolveGCN.png>]) ("./notes/dynamic graphs/TGNs.tex"
Overfull \hbox (19.79129pt too wide) in paragraph at lines 3--16
 [] 
 []

[60]
! Missing { inserted.
<to be read again> 
\egroup 
l.61 ..., \mathbf{e}_{ij}, \mathbf{v}_i(t), \mathbf_
                                                  {v}_j(t))
A left brace was mandatory here, so I've put one in.
You might want to delete and/or insert some corrections
so that I will find a matching right brace soon.
If you're confused by all this, try typing `I}' now.

! Missing } inserted.
<inserted text> 
}
l.62 $
    $
I've inserted something that you may have forgotten.
(See the <inserted text> above.)
With luck, this will get me unwedged. But if you
really didn't forget anything, try typing `2' now; then
my insertion and my current dilemma will both disappear.

<pics/TGN.png, id=1330, 425.1885pt x 202.95825pt>
File: pics/TGN.png Graphic file (type png)
<use pics/TGN.png>
Package luatex.def Info: pics/TGN.png  used on input line 68.
(luatex.def)             Requested size: 409.72125pt x 195.58714pt.
[61<./pics/TGN.png>]) ("./notes/dynamic graphs/TGAT.tex"
Overfull \hbox (19.79129pt too wide) in paragraph at lines 3--20
 [] 
 []

<pics/TGAT.png, id=1347, 569.12625pt x 181.27725pt>
File: pics/TGAT.png Graphic file (type png)
<use pics/TGAT.png>
Package luatex.def Info: pics/TGAT.png  used on input line 42.
(luatex.def)             Requested size: 409.72125pt x 130.50845pt.

LaTeX Warning: `h' float specifier changed to `ht'.

[62])
Overfull \hbox (9.30225pt too wide) in paragraph at lines 10--10
[]\TU/lmr/bx/n/12.045 DySAT: Deep Neu-ral Rep-re-sen-ta-tion Learn-ing on Dy-nam
ic Graph via Self-Attention
 []

("./notes/dynamic graphs/DySAT.tex"
Overfull \hbox (19.79129pt too wide) in paragraph at lines 3--19
 [] 
 []

[63<./pics/TGAT.png>]
<pics/DySAT.png, id=1374, 827.4915pt x 325.215pt>
File: pics/DySAT.png Graphic file (type png)
<use pics/DySAT.png>
Package luatex.def Info: pics/DySAT.png  used on input line 35.
(luatex.def)             Requested size: 409.72125pt x 161.02905pt.
 [64<./pics/DySAT.png>])
("./notes/dynamic graphs/ST-GCN.tex"
Overfull \hbox (19.79129pt too wide) in paragraph at lines 3--20
 [] 
 []

<pics/ST-GCN.png, id=1387, 2418.636pt x 494.8086pt>
File: pics/ST-GCN.png Graphic file (type png)
<use pics/ST-GCN.png>
Package luatex.def Info: pics/ST-GCN.png  used on input line 31.
(luatex.def)             Requested size: 409.72125pt x 83.81433pt.

LaTeX Warning: `h' float specifier changed to `ht'.

[65]) ("./notes/dynamic graphs/CAW.tex"
Overfull \hbox (19.79129pt too wide) in paragraph at lines 3--20
 [] 
 []

[66<./pics/ST-GCN.png>]
<pics/AW.png, id=1414, 525.76425pt x 73.4745pt>
File: pics/AW.png Graphic file (type png)
<use pics/AW.png>
Package luatex.def Info: pics/AW.png  used on input line 41.
(luatex.def)             Requested size: 409.72125pt x 57.25829pt.
<pics/CAW.png, id=1416, 789.54974pt x 314.97675pt>
File: pics/CAW.png Graphic file (type png)
<use pics/CAW.png>
Package luatex.def Info: pics/CAW.png  used on input line 52.
(luatex.def)             Requested size: 409.72125pt x 163.45241pt.


LaTeX Warning: `h' float specifier changed to `ht'.

<pics/CAW-Walk-Extraction.png, id=1418, 370.986pt x 143.3355pt>
File: pics/CAW-Walk-Extraction.png Graphic file (type png)
<use pics/CAW-Walk-Extraction.png>
Package luatex.def Info: pics/CAW-Walk-Extraction.png  used on input line 60.
(luatex.def)             Requested size: 384.11221pt x 148.41142pt.

LaTeX Warning: `h' float specifier changed to `ht'.

[67<./pics/AW.png>] [68<./pics/CAW.png><./pics/CAW-Walk-Extraction.png>])
("./notes/dynamic graphs/GTS.tex"
Overfull \hbox (19.79129pt too wide) in paragraph at lines 3--21
 [] 
 []

<pics/gts.png, id=1440, 864.831pt x 351.714pt>
File: pics/gts.png Graphic file (type png)
<use pics/gts.png>
Package luatex.def Info: pics/gts.png  used on input line 34.
(luatex.def)             Requested size: 460.93153pt x 187.45404pt.

LaTeX Warning: `h' float specifier changed to `ht'.

)) [69] [70<./pics/gts.png>] (./chapters/cv.tex (./notes/unet.tex
Overfull \hbox (19.79129pt too wide) in paragraph at lines 3--20
 [] 
 []

<pics/unet.png, id=1465, 669.702pt x 445.665pt>
File: pics/unet.png Graphic file (type png)
<use pics/unet.png>
Package luatex.def Info: pics/unet.png  used on input line 34.
(luatex.def)             Requested size: 409.72125pt x 272.65768pt.
[71

<./pics/unet.png>]
<pics/Overlap-tile strategy.png, id=1479, 897.5934pt x 423.5022pt>
File: pics/Overlap-tile strategy.png Graphic file (type png)
<use pics/Overlap-tile strategy.png>
Package luatex.def Info: pics/Overlap-tile strategy.png  used on input line 47.

(luatex.def)             Requested size: 409.72125pt x 193.32062pt.

! Undefined control sequence.
l.58 ...$\boldsymbol{x} \in \Omega, \Omega \subsxet
                                                   \mathbb{Z}^2$$\boldsym...
The control sequence at the end of the top line
of your error message was never \def'ed. If you have
misspelled it (e.g., `\hobx'), type `I' and the correct
spelling (e.g., `I\hbox'). Otherwise just continue,
and I'll forget about whatever was undefined.

)) [72<./pics/Overlap-tile strategy.png>] (./chapters/nlp.tex
(./notes/graph-glove.tex) (./notes/topic-graphsum.tex
<pics/Topic-GraphSum.PNG, id=1495, 669.25664pt x 335.84294pt>
File: pics/Topic-GraphSum.PNG Graphic file (type png)
<use pics/Topic-GraphSum.PNG>
Package luatex.def Info: pics/Topic-GraphSum.PNG  used on input line 13.
(luatex.def)             Requested size: 384.11221pt x 192.7546pt.
)) [73

<./pics/Topic-GraphSum.PNG>] [74] (./chapters/recommender-systems.tex
("./notes/recommender system/fm.tex"
Overfull \hbox (19.79129pt too wide) in paragraph at lines 3--20
 [] 
 []

[75

]) ("./notes/recommender system/wide&deep.tex"
Overfull \hbox (19.79129pt too wide) in paragraph at lines 3--20
 [] 
 []

[76]
<pics/wide&deep.png, id=1543, 904.37875pt x 190.21063pt>
File: pics/wide&deep.png Graphic file (type png)
<use pics/wide&deep.png>
Package luatex.def Info: pics/wide&deep.png  used on input line 32.
(luatex.def)             Requested size: 486.54057pt x 102.32909pt.
) ("./notes/recommender system/youtubenet.tex"
Overfull \hbox (19.79129pt too wide) in paragraph at lines 3--20
 [] 
 []

[77<./pics/wide&deep.png>]
<pics/recsys.png, id=1561, 285.56688pt x 179.67125pt>
File: pics/recsys.png Graphic file (type png)
<use pics/recsys.png>
Package luatex.def Info: pics/recsys.png  used on input line 27.
(luatex.def)             Requested size: 307.2929pt x 193.34294pt.
<pics/candidate generation.png, id=1564, 319.69438pt x 269.005pt>
File: pics/candidate generation.png Graphic file (type png)
<use pics/candidate generation.png>
Package luatex.def Info: pics/candidate generation.png  used on input line 50.
(luatex.def)             Requested size: 409.72125pt x 344.7603pt.


LaTeX Warning: `h' float specifier changed to `ht'.

[78<./pics/recsys.png>]
<pics/ranking.png, id=1575, 428.60126pt x 276.03125pt>
File: pics/ranking.png Graphic file (type png)
<use pics/ranking.png>
Package luatex.def Info: pics/ranking.png  used on input line 67.
(luatex.def)             Requested size: 409.72125pt x 263.87503pt.


LaTeX Warning: `h' float specifier changed to `ht'.

[79<./pics/candidate generation.png>]) ("./notes/recommender system/ffm.tex"
Overfull \hbox (19.79129pt too wide) in paragraph at lines 3--20
 [] 
 []

[80<./pics/ranking.png>]
<pics/ffm-sg.png, id=1597, 289.08pt x 166.6225pt>
File: pics/ffm-sg.png Graphic file (type png)
<use pics/ffm-sg.png>
Package luatex.def Info: pics/ffm-sg.png  used on input line 33.
(luatex.def)             Requested size: 409.72125pt x 236.17084pt.
 [81<./pics/ffm-sg.png>])
("./notes/recommender system/deepfm.tex"
Overfull \hbox (19.79129pt too wide) in paragraph at lines 3--20
 [] 
 []

<pics/deepfm.png, id=1612, 461.725pt x 225.84375pt>
File: pics/deepfm.png Graphic file (type png)
<use pics/deepfm.png>
Package luatex.def Info: pics/deepfm.png  used on input line 38.
(luatex.def)             Requested size: 409.72125pt x 200.40756pt.

LaTeX Warning: `h' float specifier changed to `ht'.

<pics/deepfm-fm.png, id=1613, 257.46187pt x 130.4875pt>
File: pics/deepfm-fm.png Graphic file (type png)
<use pics/deepfm-fm.png>
Package luatex.def Info: pics/deepfm-fm.png  used on input line 46.
(luatex.def)             Requested size: 409.72125pt x 207.67322pt.

LaTeX Warning: `h' float specifier changed to `ht'.

<pics/deepfm-deep.png, id=1616, 253.94875pt x 141.52875pt>
File: pics/deepfm-deep.png Graphic file (type png)
<use pics/deepfm-deep.png>
Package luatex.def Info: pics/deepfm-deep.png  used on input line 57.
(luatex.def)             Requested size: 409.72125pt x 228.35101pt.

LaTeX Warning: `h' float specifier changed to `ht'.

<pics/deepfm-embedding.png, id=1619, 240.9pt x 70.2625pt>
File: pics/deepfm-embedding.png Graphic file (type png)
<use pics/deepfm-embedding.png>
Package luatex.def Info: pics/deepfm-embedding.png  used on input line 65.
(luatex.def)             Requested size: 409.72125pt x 119.51326pt.

LaTeX Warning: `h' float specifier changed to `ht'.

[82]
warning  (file pics/embedding.pdf) (pdf inclusion): PDF inclusion: found PDF ver
sion '1.7', but at most version '1.5' allowed
<pics/embedding.pdf, id=1632, 790.955pt x 269.50688pt>
File: pics/embedding.pdf Graphic file (type pdf)
<use pics/embedding.pdf>
Package luatex.def Info: pics/embedding.pdf  used on input line 75.
(luatex.def)             Requested size: 409.72125pt x 139.60565pt.

LaTeX Warning: `h' float specifier changed to `ht'.

) ("./notes/recommender system/pnn.tex"
Overfull \hbox (19.79129pt too wide) in paragraph at lines 3--20
 [] 
 []

[83<./pics/deepfm.png><./pics/deepfm-fm.png>] [84<./pics/deepfm-deep.png><./pics
/deepfm-embedding.png>]
<pics/pnn.png, id=1653, 382.42876pt x 271.76532pt>
File: pics/pnn.png Graphic file (type png)
<use pics/pnn.png>
Package luatex.def Info: pics/pnn.png  used on input line 41.
(luatex.def)             Requested size: 307.2929pt x 218.38289pt.
 [85<./pics/embedding.pdf><./pics/pnn.png>])
("./notes/recommender system/cer.tex"
Overfull \hbox (19.79129pt too wide) in paragraph at lines 3--20
 [] 
 []

)) [86] (./chapters/knowledge-tracing.tex (./notes/kt/dkt.tex
Overfull \hbox (19.79129pt too wide) in paragraph at lines 3--20
 [] 
 []

<pics/dkt.png, id=1695, 277.78781pt x 182.18062pt>
File: pics/dkt.png Graphic file (type png)
<use pics/dkt.png>
Package luatex.def Info: pics/dkt.png  used on input line 51.
(luatex.def)             Requested size: 179.2555pt x 117.56258pt.

LaTeX Warning: `h' float specifier changed to `ht'.

[87

]) (./notes/kt/gkt.tex
Overfull \hbox (19.79129pt too wide) in paragraph at lines 3--20
 [] 
 []

<pics/gkt.png, id=1710, 1189.44376pt x 329.73187pt>
File: pics/gkt.png Graphic file (type png)
<use pics/gkt.png>
Package luatex.def Info: pics/gkt.png  used on input line 41.
(luatex.def)             Requested size: 460.93153pt x 127.7748pt.

LaTeX Warning: `h' float specifier changed to `ht'.

[88<./pics/dkt.png>]) (./notes/kt/saint.tex
Overfull \hbox (19.79129pt too wide) in paragraph at lines 3--20
 [] 
 []

[89<./pics/gkt.png>]
<pics/saint-prev-methods.png, id=1736, 697.10437pt x 409.53pt>
File: pics/saint-prev-methods.png Graphic file (type png)
<use pics/saint-prev-methods.png>
Package luatex.def Info: pics/saint-prev-methods.png  used on input line 28.
(luatex.def)             Requested size: 332.89412pt x 195.56609pt.
<pics/saint.png, id=1739, 480.29437pt x 604.50844pt>
File: pics/saint.png Graphic file (type png)
<use pics/saint.png>
Package luatex.def Info: pics/saint.png  used on input line 47.
(luatex.def)             Requested size: 194.61935pt x 244.9537pt.


LaTeX Warning: `h' float specifier changed to `ht'.

) (./notes/kt/iekt.tex
Overfull \hbox (19.79129pt too wide) in paragraph at lines 3--20
 [] 
 []

[90<./pics/saint-prev-methods.png>]

LaTeX Warning: `h' float specifier changed to `ht'.

<pics/iekt.png, id=1756, 1367.8603pt x 450.18187pt>
File: pics/iekt.png Graphic file (type png)
<use pics/iekt.png>
Package luatex.def Info: pics/iekt.png  used on input line 55.
(luatex.def)             Requested size: 512.14963pt x 168.55675pt.

LaTeX Warning: `h' float specifier changed to `ht'.

[91<./pics/saint.png>] [92<./pics/iekt.png>]) (./notes/kt/fdkt.tex
Overfull \hbox (19.79129pt too wide) in paragraph at lines 3--20
 [] 
 []

<pics/fdkt.png, id=1776, 682.04813pt x 626.34pt>
File: pics/fdkt.png Graphic file (type png)
<use pics/fdkt.png>
Package luatex.def Info: pics/fdkt.png  used on input line 43.
(luatex.def)             Requested size: 256.07481pt x 235.16364pt.

LaTeX Warning: `h' float specifier changed to `ht'.

) (./notes/kt/lpkt.tex
Overfull \hbox (19.79129pt too wide) in paragraph at lines 3--20
 [] 
 []

[93] [94<./pics/fdkt.png>]
<pics/lpkt.png, id=1799, 776.9025pt x 271.76532pt>
File: pics/lpkt.png Graphic file (type png)
<use pics/lpkt.png>
Package luatex.def Info: pics/lpkt.png  used on input line 43.
(luatex.def)             Requested size: 512.14963pt x 179.15831pt.
) (./notes/kt/overview.tex [95<./pics/lpkt.png>]))
[96] (./chapters/Others.tex (./notes/weakly-supervised.tex
Overfull \hbox (19.79129pt too wide) in paragraph at lines 3--20
 [] 
 []

) (./notes/RELIC.tex
Overfull \hbox (19.79129pt too wide) in paragraph at lines 3--20
 [] 
 []

[97

]
<pics/Causal.png, id=1834, 278.84175pt x 286.671pt>
File: pics/Causal.png Graphic file (type png)
<use pics/Causal.png>
Package luatex.def Info: pics/Causal.png  used on input line 31.
(luatex.def)             Requested size: 153.64644pt x 157.96698pt.
)
Overfull \hbox (2.72896pt too wide) in paragraph at lines 7--7
[]\TU/lmr/bx/n/12.045 UN-SU-PER-VISED REP-RE-SEN-TA-TION LEARN-ING FOR TIME SE-R
IES WITH
 []

(./notes/TNC.tex
Overfull \hbox (19.79129pt too wide) in paragraph at lines 3--20
 [] 
 []

[98<./pics/Causal.png>]
<pics/tnc.png, id=1849, 805.8105pt x 268.6035pt>
File: pics/tnc.png Graphic file (type png)
<use pics/tnc.png>
Package luatex.def Info: pics/tnc.png  used on input line 31.
(luatex.def)             Requested size: 460.93153pt x 153.64659pt.
 [99<./pics/tnc.png>]))
! Undefined control sequence.
l.174 \printbibliography
                      
The control sequence at the end of the top line
of your error message was never \def'ed. If you have
misspelled it (e.g., `\hobx'), type `I' and the correct
spelling (e.g., `I\hbox'). Otherwise just continue,
and I'll forget about whatever was undefined.

(./main.bbl
! Misplaced alignment tab character &.
l.53 \newblock Wide &
                    deep learning for recommender systems.
I can't figure out why you would want to use a tab mark
here. If you just want an ampersand, the remedy is
simple: Just type `I\&' now. But if some right brace
up above has ended a previous alignment prematurely,
you're probably due for more error messages, and you
might try typing `S' now just to see what is salvageable.

[100] [101] [102] [103] [104]) [105] (./main.aux)

LaTeX Font Warning: Size substitutions with differences
(Font)              up to 0.41063pt have occurred.


LaTeX Warning: There were undefined references.


LaTeX Warning: Label(s) may have changed. Rerun to get cross-references right.

Package rerunfilecheck Info: File `main.out' has not changed.
(rerunfilecheck)             Checksum: 4580E4D5AD95AA96A5B3F8FE95211788;23373.
)
(\end occurred inside a group at level 1)

### simple group (level 1) entered at line 39 ({)
### bottom level

Here is how much of LuaTeX's memory you used:
 36604 strings out of 478531
 476893,1144653 words of node,token memory allocated
 130335 words of node memory still in use:
   24 hlist, 2 vlist, 10 rule, 5 dir, 2 glue, 117 kern, 1 glyph, 34564 attribute
, 9908 glue_spec, 1963 attribute_list, 2 write, 1643 user_defined, 16 pdf_litera
l, 5 pdf_action, 16 pdf_colorstack nodes
   avail lists: 1:5,2:91837,3:442,4:252,5:464,6:121,7:7636,8:97,9:2321,10:19,11:
550
 53565 multiletter control sequences out of 65536+600000
 115 fonts using 88112147 bytes
 128i,15n,123p,1245b,611s stack positions out of 5000i,500n,10000p,200000b,80000s
<d:/texlive/2021/texmf-dist/fonts/opentype/public/lm/lmroman8-regular.otf><d:/te
xlive/2021/texmf-dist/fonts/opentype/public/lm/lmroman5-regular.otf><d:/texlive/
2021/texmf-dist/fonts/opentype/public/lm/lmroman7-regular.otf><d:/texlive/2021/t
exmf-dist/fonts/opentype/public/lm/lmroman10-italic.otf><d:/texlive/2021/texmf-d
ist/fonts/opentype/public/lm/lmromandemi10-regular.otf><c:/Windows/Fonts/simhei.
ttf><d:/texlive/2021/texmf-dist/fonts/opentype/public/lm/lmroman10-regular.otf><
d:/texlive/2021/texmf-dist/fonts/opentype/public/lm/lmroman10-bold.otf><d:/texli
ve/2021/texmf-dist/fonts/opentype/public/lm/lmroman12-bold.otf><d:/texlive/2021/
texmf-dist/fonts/opentype/public/lm/lmroman12-regular.otf><c:/Windows/Fonts/sims
un.ttc><d:/texlive/2021/texmf-dist/fonts/type1/public/bbold-type1/bbold10.pfb><d
:/texlive/2021/texmf-dist/fonts/type1/public/bbold-type1/bbold7.pfb><d:/texlive/
2021/texmf-dist/fonts/type1/public/amsfonts/cm/cmbx7.pfb><d:/texlive/2021/texmf-
dist/fonts/type1/public/amsfonts/cm/cmex10.pfb><d:/texlive/2021/texmf-dist/fonts
/type1/public/amsfonts/cmextra/cmex7.pfb><d:/texlive/2021/texmf-dist/fonts/type1
/public/amsfonts/cm/cmmi10.pfb><d:/texlive/2021/texmf-dist/fonts/type1/public/am
sfonts/cm/cmmi5.pfb><d:/texlive/2021/texmf-dist/fonts/type1/public/amsfonts/cm/c
mmi7.pfb><d:/texlive/2021/texmf-dist/fonts/type1/public/amsfonts/cm/cmmib10.pfb>
<d:/texlive/2021/texmf-dist/fonts/type1/public/amsfonts/cmextra/cmmib7.pfb><d:/t
exlive/2021/texmf-dist/fonts/type1/public/amsfonts/cm/cmr10.pfb><d:/texlive/2021
/texmf-dist/fonts/type1/public/amsfonts/cm/cmr5.pfb><d:/texlive/2021/texmf-dist/
fonts/type1/public/amsfonts/cm/cmr7.pfb><d:/texlive/2021/texmf-dist/fonts/type1/
public/amsfonts/cm/cmsy10.pfb><d:/texlive/2021/texmf-dist/fonts/type1/public/ams
fonts/cm/cmsy5.pfb><d:/texlive/2021/texmf-dist/fonts/type1/public/amsfonts/cm/cm
sy7.pfb><d:/texlive/2021/texmf-dist/fonts/type1/public/amsfonts/symbols/msam10.p
fb><d:/texlive/2021/texmf-dist/fonts/type1/public/amsfonts/symbols/msam7.pfb><d:
/texlive/2021/texmf-dist/fonts/type1/public/amsfonts/symbols/msbm10.pfb>
Output written on main.pdf (105 pages, 11231415 bytes).

PDF statistics: 2039 PDF objects out of 2073 (max. 8388607)
 1765 compressed objects within 18 object streams
 608 named destinations out of 1000 (max. 131072)
 776 words of extra memory for PDF output out of 10000 (max. 100000000)

